1
0
1
ASSEMBLY
15
ASSEMBLYINSTANCE-CON1
PART-CON1
ASSEMBLYINSTANCECON2
PART-CON2
ASSEMBLYINSTANCECON3
PART-CON3
ASSEMBLYINSTANCECON4
PART-CON4
ASSEMBLYINSTANCECON5
PART-CON5
ASSEMBLYINSTANCECOW1
PART-COW1
ASSEMBLYINSTANCECOW2
PART-COW2
ASSEMBLYINSTANCECOW3
PART-COW3
ASSEMBLYINSTANCECOW4
PART-COW4
ASSEMBLYINSTANCECOW5
PART-COW5
ASSEMBLYINSTANCEINS1
PART-INS1
ASSEMBLYINSTANCEINS2
PART-INS2
ASSEMBLYINSTANCEINS3
PART-INS3
ASSEMBLYINSTANCEINS4
PART-INS4
ASSEMBLYINSTANCEINS5
PART-INS5
15
ASSEMBLYINSTANCE-CON1
84
1 1
2 2
3 3
4 4
5 5
6 6
7 7
8 8
9 9
10 10
11 11
12 12
13 13
14 14
15 15
16 16
17 17
18 18
19 19
20 20
21 21
22 22
23 23
24 24
25 25
26 26
27 27
28 28
29 29
30 30
31 31
32 32
33 33
34 34
35 35
36 36
37 37
38 38
39 39
40 40
41 41
42 42
43 43
44 44
45 45
46 46
47 47
48 48
49 49
50 50
51 51
52 52
53 53
54 54
55 55
56 56
57 57
58 58
59 59
60 60
61 61
62 62
63 63
64 64
65 65
66 66
67 67
68 68
69 69
70 70
71 71
72 72
73 73
74 74
75 75
76 76
77 77
78 78
79 79
80 80
81 81
82 82
83 83
84 84
1 1
2 2
3 3
4 4
5 5
6 6
7 7
8 8
9 9
10 10
11 11
12 12
13 13
14 14
15 15
16 16
17 17
18 18
19 19
20 20
21 21
22 22
23 23
24 24
25 25
26 26
27 27
28 28
29 29
30 30
31 31
32 32
33 33
34 34
35 35
36 36
37 37
38 38
39 39
40 40
41 41
42 42
43 43
44 44
45 45
46 46
47 47
48 48
49 49
50 50
51 51
52 52
53 53
54 54
55 55
56 56
57 57
58 58
59 59
60 60
61 61
62 62
63 63
64 64
65 65
66 66
67 67
68 68
69 69
70 70
71 71
72 72
73 73
74 74
75 75
76 76
77 77
78 78
79 79
80 80
81 81
82 82
83 83
84 84
ASSEMBLYINSTANCECON2
84
85 1
86 2
87 3
88 4
89 5
90 6
91 7
92 8
93 9
94 10
95 11
96 12
97 13
98 14
99 15
100 16
101 17
102 18
103 19
104 20
105 21
106 22
107 23
108 24
109 25
110 26
111 27
112 28
113 29
114 30
115 31
116 32
117 33
118 34
119 35
120 36
121 37
122 38
123 39
124 40
125 41
126 42
127 43
128 44
129 45
130 46
131 47
132 48
133 49
134 50
135 51
136 52
137 53
138 54
139 55
140 56
141 57
142 58
143 59
144 60
145 61
146 62
147 63
148 64
149 65
150 66
151 67
152 68
153 69
154 70
155 71
156 72
157 73
158 74
159 75
160 76
161 77
162 78
163 79
164 80
165 81
166 82
167 83
168 84
1 85
2 86
3 87
4 88
5 89
6 90
7 91
8 92
9 93
10 94
11 95
12 96
13 97
14 98
15 99
16 100
17 101
18 102
19 103
20 104
21 105
22 106
23 107
24 108
25 109
26 110
27 111
28 112
29 113
30 114
31 115
32 116
33 117
34 118
35 119
36 120
37 121
38 122
39 123
40 124
41 125
42 126
43 127
44 128
45 129
46 130
47 131
48 132
49 133
50 134
51 135
52 136
53 137
54 138
55 139
56 140
57 141
58 142
59 143
60 144
61 145
62 146
63 147
64 148
65 149
66 150
67 151
68 152
69 153
70 154
71 155
72 156
73 157
74 158
75 159
76 160
77 161
78 162
79 163
80 164
81 165
82 166
83 167
84 168
ASSEMBLYINSTANCECON3
84
169 1
170 2
171 3
172 4
173 5
174 6
175 7
176 8
177 9
178 10
179 11
180 12
181 13
182 14
183 15
184 16
185 17
186 18
187 19
188 20
189 21
190 22
191 23
192 24
193 25
194 26
195 27
196 28
197 29
198 30
199 31
200 32
201 33
202 34
203 35
204 36
205 37
206 38
207 39
208 40
209 41
210 42
211 43
212 44
213 45
214 46
215 47
216 48
217 49
218 50
219 51
220 52
221 53
222 54
223 55
224 56
225 57
226 58
227 59
228 60
229 61
230 62
231 63
232 64
233 65
234 66
235 67
236 68
237 69
238 70
239 71
240 72
241 73
242 74
243 75
244 76
245 77
246 78
247 79
248 80
249 81
250 82
251 83
252 84
1 169
2 170
3 171
4 172
5 173
6 174
7 175
8 176
9 177
10 178
11 179
12 180
13 181
14 182
15 183
16 184
17 185
18 186
19 187
20 188
21 189
22 190
23 191
24 192
25 193
26 194
27 195
28 196
29 197
30 198
31 199
32 200
33 201
34 202
35 203
36 204
37 205
38 206
39 207
40 208
41 209
42 210
43 211
44 212
45 213
46 214
47 215
48 216
49 217
50 218
51 219
52 220
53 221
54 222
55 223
56 224
57 225
58 226
59 227
60 228
61 229
62 230
63 231
64 232
65 233
66 234
67 235
68 236
69 237
70 238
71 239
72 240
73 241
74 242
75 243
76 244
77 245
78 246
79 247
80 248
81 249
82 250
83 251
84 252
ASSEMBLYINSTANCECON4
84
253 1
254 2
255 3
256 4
257 5
258 6
259 7
260 8
261 9
262 10
263 11
264 12
265 13
266 14
267 15
268 16
269 17
270 18
271 19
272 20
273 21
274 22
275 23
276 24
277 25
278 26
279 27
280 28
281 29
282 30
283 31
284 32
285 33
286 34
287 35
288 36
289 37
290 38
291 39
292 40
293 41
294 42
295 43
296 44
297 45
298 46
299 47
300 48
301 49
302 50
303 51
304 52
305 53
306 54
307 55
308 56
309 57
310 58
311 59
312 60
313 61
314 62
315 63
316 64
317 65
318 66
319 67
320 68
321 69
322 70
323 71
324 72
325 73
326 74
327 75
328 76
329 77
330 78
331 79
332 80
333 81
334 82
335 83
336 84
1 253
2 254
3 255
4 256
5 257
6 258
7 259
8 260
9 261
10 262
11 263
12 264
13 265
14 266
15 267
16 268
17 269
18 270
19 271
20 272
21 273
22 274
23 275
24 276
25 277
26 278
27 279
28 280
29 281
30 282
31 283
32 284
33 285
34 286
35 287
36 288
37 289
38 290
39 291
40 292
41 293
42 294
43 295
44 296
45 297
46 298
47 299
48 300
49 301
50 302
51 303
52 304
53 305
54 306
55 307
56 308
57 309
58 310
59 311
60 312
61 313
62 314
63 315
64 316
65 317
66 318
67 319
68 320
69 321
70 322
71 323
72 324
73 325
74 326
75 327
76 328
77 329
78 330
79 331
80 332
81 333
82 334
83 335
84 336
ASSEMBLYINSTANCECON5
84
337 1
338 2
339 3
340 4
341 5
342 6
343 7
344 8
345 9
346 10
347 11
348 12
349 13
350 14
351 15
352 16
353 17
354 18
355 19
356 20
357 21
358 22
359 23
360 24
361 25
362 26
363 27
364 28
365 29
366 30
367 31
368 32
369 33
370 34
371 35
372 36
373 37
374 38
375 39
376 40
377 41
378 42
379 43
380 44
381 45
382 46
383 47
384 48
385 49
386 50
387 51
388 52
389 53
390 54
391 55
392 56
393 57
394 58
395 59
396 60
397 61
398 62
399 63
400 64
401 65
402 66
403 67
404 68
405 69
406 70
407 71
408 72
409 73
410 74
411 75
412 76
413 77
414 78
415 79
416 80
417 81
418 82
419 83
420 84
1 337
2 338
3 339
4 340
5 341
6 342
7 343
8 344
9 345
10 346
11 347
12 348
13 349
14 350
15 351
16 352
17 353
18 354
19 355
20 356
21 357
22 358
23 359
24 360
25 361
26 362
27 363
28 364
29 365
30 366
31 367
32 368
33 369
34 370
35 371
36 372
37 373
38 374
39 375
40 376
41 377
42 378
43 379
44 380
45 381
46 382
47 383
48 384
49 385
50 386
51 387
52 388
53 389
54 390
55 391
56 392
57 393
58 394
59 395
60 396
61 397
62 398
63 399
64 400
65 401
66 402
67 403
68 404
69 405
70 406
71 407
72 408
73 409
74 410
75 411
76 412
77 413
78 414
79 415
80 416
81 417
82 418
83 419
84 420
ASSEMBLYINSTANCECOW1
72
421 1
422 2
423 3
424 4
425 5
426 6
427 7
428 8
429 9
430 10
431 11
432 12
433 13
434 14
435 15
436 16
437 17
438 18
439 19
440 20
441 21
442 22
443 23
444 24
445 25
446 26
447 27
448 28
449 29
450 30
451 31
452 32
453 33
454 34
455 35
456 36
457 37
458 38
459 39
460 40
461 41
462 42
463 43
464 44
465 45
466 46
467 47
468 48
469 49
470 50
471 51
472 52
473 53
474 54
475 55
476 56
477 57
478 58
479 59
480 60
481 61
482 62
483 63
484 64
485 65
486 66
487 67
488 68
489 69
490 70
491 71
492 72
1 421
2 422
3 423
4 424
5 425
6 426
7 427
8 428
9 429
10 430
11 431
12 432
13 433
14 434
15 435
16 436
17 437
18 438
19 439
20 440
21 441
22 442
23 443
24 444
25 445
26 446
27 447
28 448
29 449
30 450
31 451
32 452
33 453
34 454
35 455
36 456
37 457
38 458
39 459
40 460
41 461
42 462
43 463
44 464
45 465
46 466
47 467
48 468
49 469
50 470
51 471
52 472
53 473
54 474
55 475
56 476
57 477
58 478
59 479
60 480
61 481
62 482
63 483
64 484
65 485
66 486
67 487
68 488
69 489
70 490
71 491
72 492
ASSEMBLYINSTANCECOW2
72
493 1
494 2
495 3
496 4
497 5
498 6
499 7
500 8
501 9
502 10
503 11
504 12
505 13
506 14
507 15
508 16
509 17
510 18
511 19
512 20
513 21
514 22
515 23
516 24
517 25
518 26
519 27
520 28
521 29
522 30
523 31
524 32
525 33
526 34
527 35
528 36
529 37
530 38
531 39
532 40
533 41
534 42
535 43
536 44
537 45
538 46
539 47
540 48
541 49
542 50
543 51
544 52
545 53
546 54
547 55
548 56
549 57
550 58
551 59
552 60
553 61
554 62
555 63
556 64
557 65
558 66
559 67
560 68
561 69
562 70
563 71
564 72
1 493
2 494
3 495
4 496
5 497
6 498
7 499
8 500
9 501
10 502
11 503
12 504
13 505
14 506
15 507
16 508
17 509
18 510
19 511
20 512
21 513
22 514
23 515
24 516
25 517
26 518
27 519
28 520
29 521
30 522
31 523
32 524
33 525
34 526
35 527
36 528
37 529
38 530
39 531
40 532
41 533
42 534
43 535
44 536
45 537
46 538
47 539
48 540
49 541
50 542
51 543
52 544
53 545
54 546
55 547
56 548
57 549
58 550
59 551
60 552
61 553
62 554
63 555
64 556
65 557
66 558
67 559
68 560
69 561
70 562
71 563
72 564
ASSEMBLYINSTANCECOW3
72
565 1
566 2
567 3
568 4
569 5
570 6
571 7
572 8
573 9
574 10
575 11
576 12
577 13
578 14
579 15
580 16
581 17
582 18
583 19
584 20
585 21
586 22
587 23
588 24
589 25
590 26
591 27
592 28
593 29
594 30
595 31
596 32
597 33
598 34
599 35
600 36
601 37
602 38
603 39
604 40
605 41
606 42
607 43
608 44
609 45
610 46
611 47
612 48
613 49
614 50
615 51
616 52
617 53
618 54
619 55
620 56
621 57
622 58
623 59
624 60
625 61
626 62
627 63
628 64
629 65
630 66
631 67
632 68
633 69
634 70
635 71
636 72
1 565
2 566
3 567
4 568
5 569
6 570
7 571
8 572
9 573
10 574
11 575
12 576
13 577
14 578
15 579
16 580
17 581
18 582
19 583
20 584
21 585
22 586
23 587
24 588
25 589
26 590
27 591
28 592
29 593
30 594
31 595
32 596
33 597
34 598
35 599
36 600
37 601
38 602
39 603
40 604
41 605
42 606
43 607
44 608
45 609
46 610
47 611
48 612
49 613
50 614
51 615
52 616
53 617
54 618
55 619
56 620
57 621
58 622
59 623
60 624
61 625
62 626
63 627
64 628
65 629
66 630
67 631
68 632
69 633
70 634
71 635
72 636
ASSEMBLYINSTANCECOW4
72
637 1
638 2
639 3
640 4
641 5
642 6
643 7
644 8
645 9
646 10
647 11
648 12
649 13
650 14
651 15
652 16
653 17
654 18
655 19
656 20
657 21
658 22
659 23
660 24
661 25
662 26
663 27
664 28
665 29
666 30
667 31
668 32
669 33
670 34
671 35
672 36
673 37
674 38
675 39
676 40
677 41
678 42
679 43
680 44
681 45
682 46
683 47
684 48
685 49
686 50
687 51
688 52
689 53
690 54
691 55
692 56
693 57
694 58
695 59
696 60
697 61
698 62
699 63
700 64
701 65
702 66
703 67
704 68
705 69
706 70
707 71
708 72
1 637
2 638
3 639
4 640
5 641
6 642
7 643
8 644
9 645
10 646
11 647
12 648
13 649
14 650
15 651
16 652
17 653
18 654
19 655
20 656
21 657
22 658
23 659
24 660
25 661
26 662
27 663
28 664
29 665
30 666
31 667
32 668
33 669
34 670
35 671
36 672
37 673
38 674
39 675
40 676
41 677
42 678
43 679
44 680
45 681
46 682
47 683
48 684
49 685
50 686
51 687
52 688
53 689
54 690
55 691
56 692
57 693
58 694
59 695
60 696
61 697
62 698
63 699
64 700
65 701
66 702
67 703
68 704
69 705
70 706
71 707
72 708
ASSEMBLYINSTANCECOW5
72
709 1
710 2
711 3
712 4
713 5
714 6
715 7
716 8
717 9
718 10
719 11
720 12
721 13
722 14
723 15
724 16
725 17
726 18
727 19
728 20
729 21
730 22
731 23
732 24
733 25
734 26
735 27
736 28
737 29
738 30
739 31
740 32
741 33
742 34
743 35
744 36
745 37
746 38
747 39
748 40
749 41
750 42
751 43
752 44
753 45
754 46
755 47
756 48
757 49
758 50
759 51
760 52
761 53
762 54
763 55
764 56
765 57
766 58
767 59
768 60
769 61
770 62
771 63
772 64
773 65
774 66
775 67
776 68
777 69
778 70
779 71
780 72
1 709
2 710
3 711
4 712
5 713
6 714
7 715
8 716
9 717
10 718
11 719
12 720
13 721
14 722
15 723
16 724
17 725
18 726
19 727
20 728
21 729
22 730
23 731
24 732
25 733
26 734
27 735
28 736
29 737
30 738
31 739
32 740
33 741
34 742
35 743
36 744
37 745
38 746
39 747
40 748
41 749
42 750
43 751
44 752
45 753
46 754
47 755
48 756
49 757
50 758
51 759
52 760
53 761
54 762
55 763
56 764
57 765
58 766
59 767
60 768
61 769
62 770
63 771
64 772
65 773
66 774
67 775
68 776
69 777
70 778
71 779
72 780
ASSEMBLYINSTANCEINS1
84
781 1
782 2
783 3
784 4
785 5
786 6
787 7
788 8
789 9
790 10
791 11
792 12
793 13
794 14
795 15
796 16
797 17
798 18
799 19
800 20
801 21
802 22
803 23
804 24
805 25
806 26
807 27
808 28
809 29
810 30
811 31
812 32
813 33
814 34
815 35
816 36
817 37
818 38
819 39
820 40
821 41
822 42
823 43
824 44
825 45
826 46
827 47
828 48
829 49
830 50
831 51
832 52
833 53
834 54
835 55
836 56
837 57
838 58
839 59
840 60
841 61
842 62
843 63
844 64
845 65
846 66
847 67
848 68
849 69
850 70
851 71
852 72
853 73
854 74
855 75
856 76
857 77
858 78
859 79
860 80
861 81
862 82
863 83
864 84
1 781
2 782
3 783
4 784
5 785
6 786
7 787
8 788
9 789
10 790
11 791
12 792
13 793
14 794
15 795
16 796
17 797
18 798
19 799
20 800
21 801
22 802
23 803
24 804
25 805
26 806
27 807
28 808
29 809
30 810
31 811
32 812
33 813
34 814
35 815
36 816
37 817
38 818
39 819
40 820
41 821
42 822
43 823
44 824
45 825
46 826
47 827
48 828
49 829
50 830
51 831
52 832
53 833
54 834
55 835
56 836
57 837
58 838
59 839
60 840
61 841
62 842
63 843
64 844
65 845
66 846
67 847
68 848
69 849
70 850
71 851
72 852
73 853
74 854
75 855
76 856
77 857
78 858
79 859
80 860
81 861
82 862
83 863
84 864
ASSEMBLYINSTANCEINS2
84
865 1
866 2
867 3
868 4
869 5
870 6
871 7
872 8
873 9
874 10
875 11
876 12
877 13
878 14
879 15
880 16
881 17
882 18
883 19
884 20
885 21
886 22
887 23
888 24
889 25
890 26
891 27
892 28
893 29
894 30
895 31
896 32
897 33
898 34
899 35
900 36
901 37
902 38
903 39
904 40
905 41
906 42
907 43
908 44
909 45
910 46
911 47
912 48
913 49
914 50
915 51
916 52
917 53
918 54
919 55
920 56
921 57
922 58
923 59
924 60
925 61
926 62
927 63
928 64
929 65
930 66
931 67
932 68
933 69
934 70
935 71
936 72
937 73
938 74
939 75
940 76
941 77
942 78
943 79
944 80
945 81
946 82
947 83
948 84
1 865
2 866
3 867
4 868
5 869
6 870
7 871
8 872
9 873
10 874
11 875
12 876
13 877
14 878
15 879
16 880
17 881
18 882
19 883
20 884
21 885
22 886
23 887
24 888
25 889
26 890
27 891
28 892
29 893
30 894
31 895
32 896
33 897
34 898
35 899
36 900
37 901
38 902
39 903
40 904
41 905
42 906
43 907
44 908
45 909
46 910
47 911
48 912
49 913
50 914
51 915
52 916
53 917
54 918
55 919
56 920
57 921
58 922
59 923
60 924
61 925
62 926
63 927
64 928
65 929
66 930
67 931
68 932
69 933
70 934
71 935
72 936
73 937
74 938
75 939
76 940
77 941
78 942
79 943
80 944
81 945
82 946
83 947
84 948
ASSEMBLYINSTANCEINS3
42
949 1
950 2
951 3
952 4
953 5
954 6
955 7
956 8
957 9
958 10
959 11
960 12
961 13
962 14
963 15
964 16
965 17
966 18
967 19
968 20
969 21
970 22
971 23
972 24
973 25
974 26
975 27
976 28
977 29
978 30
979 31
980 32
981 33
982 34
983 35
984 36
985 37
986 38
987 39
988 40
989 41
990 42
1 949
2 950
3 951
4 952
5 953
6 954
7 955
8 956
9 957
10 958
11 959
12 960
13 961
14 962
15 963
16 964
17 965
18 966
19 967
20 968
21 969
22 970
23 971
24 972
25 973
26 974
27 975
28 976
29 977
30 978
31 979
32 980
33 981
34 982
35 983
36 984
37 985
38 986
39 987
40 988
41 989
42 990
ASSEMBLYINSTANCEINS4
42
991 1
992 2
993 3
994 4
995 5
996 6
997 7
998 8
999 9
1000 10
1001 11
1002 12
1003 13
1004 14
1005 15
1006 16
1007 17
1008 18
1009 19
1010 20
1011 21
1012 22
1013 23
1014 24
1015 25
1016 26
1017 27
1018 28
1019 29
1020 30
1021 31
1022 32
1023 33
1024 34
1025 35
1026 36
1027 37
1028 38
1029 39
1030 40
1031 41
1032 42
1 991
2 992
3 993
4 994
5 995
6 996
7 997
8 998
9 999
10 1000
11 1001
12 1002
13 1003
14 1004
15 1005
16 1006
17 1007
18 1008
19 1009
20 1010
21 1011
22 1012
23 1013
24 1014
25 1015
26 1016
27 1017
28 1018
29 1019
30 1020
31 1021
32 1022
33 1023
34 1024
35 1025
36 1026
37 1027
38 1028
39 1029
40 1030
41 1031
42 1032
ASSEMBLYINSTANCEINS5
42
1033 1
1034 2
1035 3
1036 4
1037 5
1038 6
1039 7
1040 8
1041 9
1042 10
1043 11
1044 12
1045 13
1046 14
1047 15
1048 16
1049 17
1050 18
1051 19
1052 20
1053 21
1054 22
1055 23
1056 24
1057 25
1058 26
1059 27
1060 28
1061 29
1062 30
1063 31
1064 32
1065 33
1066 34
1067 35
1068 36
1069 37
1070 38
1071 39
1072 40
1073 41
1074 42
1 1033
2 1034
3 1035
4 1036
5 1037
6 1038
7 1039
8 1040
9 1041
10 1042
11 1043
12 1044
13 1045
14 1046
15 1047
16 1048
17 1049
18 1050
19 1051
20 1052
21 1053
22 1054
23 1055
24 1056
25 1057
26 1058
27 1059
28 1060
29 1061
30 1062
31 1063
32 1064
33 1065
34 1066
35 1067
36 1068
37 1069
38 1070
39 1071
40 1072
41 1073
42 1074
0
15
ASSEMBLYINSTANCE-CON1
60
1 1
2 2
3 3
4 4
5 5
6 6
7 7
8 8
9 9
10 10
11 11
12 12
13 13
14 14
15 15
16 16
17 17
18 18
19 19
20 20
21 21
22 22
23 23
24 24
25 25
26 26
27 27
28 28
29 29
30 30
31 31
32 32
33 33
34 34
35 35
36 36
37 37
38 38
39 39
40 40
41 41
42 42
43 43
44 44
45 45
46 46
47 47
48 48
49 49
50 50
51 51
52 52
53 53
54 54
55 55
56 56
57 57
58 58
59 59
60 60
1 1
2 2
3 3
4 4
5 5
6 6
7 7
8 8
9 9
10 10
11 11
12 12
13 13
14 14
15 15
16 16
17 17
18 18
19 19
20 20
21 21
22 22
23 23
24 24
25 25
26 26
27 27
28 28
29 29
30 30
31 31
32 32
33 33
34 34
35 35
36 36
37 37
38 38
39 39
40 40
41 41
42 42
43 43
44 44
45 45
46 46
47 47
48 48
49 49
50 50
51 51
52 52
53 53
54 54
55 55
56 56
57 57
58 58
59 59
60 60
ASSEMBLYINSTANCECON2
60
61 1
62 2
63 3
64 4
65 5
66 6
67 7
68 8
69 9
70 10
71 11
72 12
73 13
74 14
75 15
76 16
77 17
78 18
79 19
80 20
81 21
82 22
83 23
84 24
85 25
86 26
87 27
88 28
89 29
90 30
91 31
92 32
93 33
94 34
95 35
96 36
97 37
98 38
99 39
100 40
101 41
102 42
103 43
104 44
105 45
106 46
107 47
108 48
109 49
110 50
111 51
112 52
113 53
114 54
115 55
116 56
117 57
118 58
119 59
120 60
1 61
2 62
3 63
4 64
5 65
6 66
7 67
8 68
9 69
10 70
11 71
12 72
13 73
14 74
15 75
16 76
17 77
18 78
19 79
20 80
21 81
22 82
23 83
24 84
25 85
26 86
27 87
28 88
29 89
30 90
31 91
32 92
33 93
34 94
35 95
36 96
37 97
38 98
39 99
40 100
41 101
42 102
43 103
44 104
45 105
46 106
47 107
48 108
49 109
50 110
51 111
52 112
53 113
54 114
55 115
56 116
57 117
58 118
59 119
60 120
ASSEMBLYINSTANCECON3
60
121 1
122 2
123 3
124 4
125 5
126 6
127 7
128 8
129 9
130 10
131 11
132 12
133 13
134 14
135 15
136 16
137 17
138 18
139 19
140 20
141 21
142 22
143 23
144 24
145 25
146 26
147 27
148 28
149 29
150 30
151 31
152 32
153 33
154 34
155 35
156 36
157 37
158 38
159 39
160 40
161 41
162 42
163 43
164 44
165 45
166 46
167 47
168 48
169 49
170 50
171 51
172 52
173 53
174 54
175 55
176 56
177 57
178 58
179 59
180 60
1 121
2 122
3 123
4 124
5 125
6 126
7 127
8 128
9 129
10 130
11 131
12 132
13 133
14 134
15 135
16 136
17 137
18 138
19 139
20 140
21 141
22 142
23 143
24 144
25 145
26 146
27 147
28 148
29 149
30 150
31 151
32 152
33 153
34 154
35 155
36 156
37 157
38 158
39 159
40 160
41 161
42 162
43 163
44 164
45 165
46 166
47 167
48 168
49 169
50 170
51 171
52 172
53 173
54 174
55 175
56 176
57 177
58 178
59 179
60 180
ASSEMBLYINSTANCECON4
60
181 1
182 2
183 3
184 4
185 5
186 6
187 7
188 8
189 9
190 10
191 11
192 12
193 13
194 14
195 15
196 16
197 17
198 18
199 19
200 20
201 21
202 22
203 23
204 24
205 25
206 26
207 27
208 28
209 29
210 30
211 31
212 32
213 33
214 34
215 35
216 36
217 37
218 38
219 39
220 40
221 41
222 42
223 43
224 44
225 45
226 46
227 47
228 48
229 49
230 50
231 51
232 52
233 53
234 54
235 55
236 56
237 57
238 58
239 59
240 60
1 181
2 182
3 183
4 184
5 185
6 186
7 187
8 188
9 189
10 190
11 191
12 192
13 193
14 194
15 195
16 196
17 197
18 198
19 199
20 200
21 201
22 202
23 203
24 204
25 205
26 206
27 207
28 208
29 209
30 210
31 211
32 212
33 213
34 214
35 215
36 216
37 217
38 218
39 219
40 220
41 221
42 222
43 223
44 224
45 225
46 226
47 227
48 228
49 229
50 230
51 231
52 232
53 233
54 234
55 235
56 236
57 237
58 238
59 239
60 240
ASSEMBLYINSTANCECON5
60
241 1
242 2
243 3
244 4
245 5
246 6
247 7
248 8
249 9
250 10
251 11
252 12
253 13
254 14
255 15
256 16
257 17
258 18
259 19
260 20
261 21
262 22
263 23
264 24
265 25
266 26
267 27
268 28
269 29
270 30
271 31
272 32
273 33
274 34
275 35
276 36
277 37
278 38
279 39
280 40
281 41
282 42
283 43
284 44
285 45
286 46
287 47
288 48
289 49
290 50
291 51
292 52
293 53
294 54
295 55
296 56
297 57
298 58
299 59
300 60
1 241
2 242
3 243
4 244
5 245
6 246
7 247
8 248
9 249
10 250
11 251
12 252
13 253
14 254
15 255
16 256
17 257
18 258
19 259
20 260
21 261
22 262
23 263
24 264
25 265
26 266
27 267
28 268
29 269
30 270
31 271
32 272
33 273
34 274
35 275
36 276
37 277
38 278
39 279
40 280
41 281
42 282
43 283
44 284
45 285
46 286
47 287
48 288
49 289
50 290
51 291
52 292
53 293
54 294
55 295
56 296
57 297
58 298
59 299
60 300
ASSEMBLYINSTANCECOW1
51
301 1
302 2
303 3
304 4
305 5
306 6
307 7
308 8
309 9
310 10
311 11
312 12
313 13
314 14
315 15
316 16
317 17
318 18
319 19
320 20
321 21
322 22
323 23
324 24
325 25
326 26
327 27
328 28
329 29
330 30
331 31
332 32
333 33
334 34
335 35
336 36
337 37
338 38
339 39
340 40
341 41
342 42
343 43
344 44
345 45
346 46
347 47
348 48
349 49
350 50
351 51
1 301
2 302
3 303
4 304
5 305
6 306
7 307
8 308
9 309
10 310
11 311
12 312
13 313
14 314
15 315
16 316
17 317
18 318
19 319
20 320
21 321
22 322
23 323
24 324
25 325
26 326
27 327
28 328
29 329
30 330
31 331
32 332
33 333
34 334
35 335
36 336
37 337
38 338
39 339
40 340
41 341
42 342
43 343
44 344
45 345
46 346
47 347
48 348
49 349
50 350
51 351
ASSEMBLYINSTANCECOW2
51
352 1
353 2
354 3
355 4
356 5
357 6
358 7
359 8
360 9
361 10
362 11
363 12
364 13
365 14
366 15
367 16
368 17
369 18
370 19
371 20
372 21
373 22
374 23
375 24
376 25
377 26
378 27
379 28
380 29
381 30
382 31
383 32
384 33
385 34
386 35
387 36
388 37
389 38
390 39
391 40
392 41
393 42
394 43
395 44
396 45
397 46
398 47
399 48
400 49
401 50
402 51
1 352
2 353
3 354
4 355
5 356
6 357
7 358
8 359
9 360
10 361
11 362
12 363
13 364
14 365
15 366
16 367
17 368
18 369
19 370
20 371
21 372
22 373
23 374
24 375
25 376
26 377
27 378
28 379
29 380
30 381
31 382
32 383
33 384
34 385
35 386
36 387
37 388
38 389
39 390
40 391
41 392
42 393
43 394
44 395
45 396
46 397
47 398
48 399
49 400
50 401
51 402
ASSEMBLYINSTANCECOW3
51
403 1
404 2
405 3
406 4
407 5
408 6
409 7
410 8
411 9
412 10
413 11
414 12
415 13
416 14
417 15
418 16
419 17
420 18
421 19
422 20
423 21
424 22
425 23
426 24
427 25
428 26
429 27
430 28
431 29
432 30
433 31
434 32
435 33
436 34
437 35
438 36
439 37
440 38
441 39
442 40
443 41
444 42
445 43
446 44
447 45
448 46
449 47
450 48
451 49
452 50
453 51
1 403
2 404
3 405
4 406
5 407
6 408
7 409
8 410
9 411
10 412
11 413
12 414
13 415
14 416
15 417
16 418
17 419
18 420
19 421
20 422
21 423
22 424
23 425
24 426
25 427
26 428
27 429
28 430
29 431
30 432
31 433
32 434
33 435
34 436
35 437
36 438
37 439
38 440
39 441
40 442
41 443
42 444
43 445
44 446
45 447
46 448
47 449
48 450
49 451
50 452
51 453
ASSEMBLYINSTANCECOW4
51
454 1
455 2
456 3
457 4
458 5
459 6
460 7
461 8
462 9
463 10
464 11
465 12
466 13
467 14
468 15
469 16
470 17
471 18
472 19
473 20
474 21
475 22
476 23
477 24
478 25
479 26
480 27
481 28
482 29
483 30
484 31
485 32
486 33
487 34
488 35
489 36
490 37
491 38
492 39
493 40
494 41
495 42
496 43
497 44
498 45
499 46
500 47
501 48
502 49
503 50
504 51
1 454
2 455
3 456
4 457
5 458
6 459
7 460
8 461
9 462
10 463
11 464
12 465
13 466
14 467
15 468
16 469
17 470
18 471
19 472
20 473
21 474
22 475
23 476
24 477
25 478
26 479
27 480
28 481
29 482
30 483
31 484
32 485
33 486
34 487
35 488
36 489
37 490
38 491
39 492
40 493
41 494
42 495
43 496
44 497
45 498
46 499
47 500
48 501
49 502
50 503
51 504
ASSEMBLYINSTANCECOW5
51
505 1
506 2
507 3
508 4
509 5
510 6
511 7
512 8
513 9
514 10
515 11
516 12
517 13
518 14
519 15
520 16
521 17
522 18
523 19
524 20
525 21
526 22
527 23
528 24
529 25
530 26
531 27
532 28
533 29
534 30
535 31
536 32
537 33
538 34
539 35
540 36
541 37
542 38
543 39
544 40
545 41
546 42
547 43
548 44
549 45
550 46
551 47
552 48
553 49
554 50
555 51
1 505
2 506
3 507
4 508
5 509
6 510
7 511
8 512
9 513
10 514
11 515
12 516
13 517
14 518
15 519
16 520
17 521
18 522
19 523
20 524
21 525
22 526
23 527
24 528
25 529
26 530
27 531
28 532
29 533
30 534
31 535
32 536
33 537
34 538
35 539
36 540
37 541
38 542
39 543
40 544
41 545
42 546
43 547
44 548
45 549
46 550
47 551
48 552
49 553
50 554
51 555
ASSEMBLYINSTANCEINS1
60
556 1
557 2
558 3
559 4
560 5
561 6
562 7
563 8
564 9
565 10
566 11
567 12
568 13
569 14
570 15
571 16
572 17
573 18
574 19
575 20
576 21
577 22
578 23
579 24
580 25
581 26
582 27
583 28
584 29
585 30
586 31
587 32
588 33
589 34
590 35
591 36
592 37
593 38
594 39
595 40
596 41
597 42
598 43
599 44
600 45
601 46
602 47
603 48
604 49
605 50
606 51
607 52
608 53
609 54
610 55
611 56
612 57
613 58
614 59
615 60
1 556
2 557
3 558
4 559
5 560
6 561
7 562
8 563
9 564
10 565
11 566
12 567
13 568
14 569
15 570
16 571
17 572
18 573
19 574
20 575
21 576
22 577
23 578
24 579
25 580
26 581
27 582
28 583
29 584
30 585
31 586
32 587
33 588
34 589
35 590
36 591
37 592
38 593
39 594
40 595
41 596
42 597
43 598
44 599
45 600
46 601
47 602
48 603
49 604
50 605
51 606
52 607
53 608
54 609
55 610
56 611
57 612
58 613
59 614
60 615
ASSEMBLYINSTANCEINS2
60
616 1
617 2
618 3
619 4
620 5
621 6
622 7
623 8
624 9
625 10
626 11
627 12
628 13
629 14
630 15
631 16
632 17
633 18
634 19
635 20
636 21
637 22
638 23
639 24
640 25
641 26
642 27
643 28
644 29
645 30
646 31
647 32
648 33
649 34
650 35
651 36
652 37
653 38
654 39
655 40
656 41
657 42
658 43
659 44
660 45
661 46
662 47
663 48
664 49
665 50
666 51
667 52
668 53
669 54
670 55
671 56
672 57
673 58
674 59
675 60
1 616
2 617
3 618
4 619
5 620
6 621
7 622
8 623
9 624
10 625
11 626
12 627
13 628
14 629
15 630
16 631
17 632
18 633
19 634
20 635
21 636
22 637
23 638
24 639
25 640
26 641
27 642
28 643
29 644
30 645
31 646
32 647
33 648
34 649
35 650
36 651
37 652
38 653
39 654
40 655
41 656
42 657
43 658
44 659
45 660
46 661
47 662
48 663
49 664
50 665
51 666
52 667
53 668
54 669
55 670
56 671
57 672
58 673
59 674
60 675
ASSEMBLYINSTANCEINS3
20
676 1
677 2
678 3
679 4
680 5
681 6
682 7
683 8
684 9
685 10
686 11
687 12
688 13
689 14
690 15
691 16
692 17
693 18
694 19
695 20
1 676
2 677
3 678
4 679
5 680
6 681
7 682
8 683
9 684
10 685
11 686
12 687
13 688
14 689
15 690
16 691
17 692
18 693
19 694
20 695
ASSEMBLYINSTANCEINS4
20
696 1
697 2
698 3
699 4
700 5
701 6
702 7
703 8
704 9
705 10
706 11
707 12
708 13
709 14
710 15
711 16
712 17
713 18
714 19
715 20
1 696
2 697
3 698
4 699
5 700
6 701
7 702
8 703
9 704
10 705
11 706
12 707
13 708
14 709
15 710
16 711
17 712
18 713
19 714
20 715
ASSEMBLYINSTANCEINS5
20
716 1
717 2
718 3
719 4
720 5
721 6
722 7
723 8
724 9
725 10
726 11
727 12
728 13
729 14
730 15
731 16
732 17
733 18
734 19
735 20
1 716
2 717
3 718
4 719
5 720
6 721
7 722
8 723
9 724
10 725
11 726
12 727
13 728
14 729
15 730
16 731
17 732
18 733
19 734
20 735
0
7

0
2
0
15
ASSEMBLYINSTANCE-CON1
60
1 2 3 4 5 6 7 8 9 10 11 12 13 14 15 16 17 18 19 20 21 22 23 24 25 26 27 28 29 30 31 32 33 34 35 36 37 38 39 40 41 42 43 44 45 46 47 48 49 50 51 52 53 54 55 56 57 58 59 60 
ASSEMBLYINSTANCECON2
60
61 62 63 64 65 66 67 68 69 70 71 72 73 74 75 76 77 78 79 80 81 82 83 84 85 86 87 88 89 90 91 92 93 94 95 96 97 98 99 100 101 102 103 104 105 106 107 108 109 110 111 112 113 114 115 116 117 118 119 120 
ASSEMBLYINSTANCECON4
60
181 182 183 184 185 186 187 188 189 190 191 192 193 194 195 196 197 198 199 200 201 202 203 204 205 206 207 208 209 210 211 212 213 214 215 216 217 218 219 220 221 222 223 224 225 226 227 228 229 230 231 232 233 234 235 236 237 238 239 240 
ASSEMBLYINSTANCECOW2
51
352 353 354 355 356 357 358 359 360 361 362 363 364 365 366 367 368 369 370 371 372 373 374 375 376 377 378 379 380 381 382 383 384 385 386 387 388 389 390 391 392 393 394 395 396 397 398 399 400 401 402 
ASSEMBLYINSTANCECOW4
51
454 455 456 457 458 459 460 461 462 463 464 465 466 467 468 469 470 471 472 473 474 475 476 477 478 479 480 481 482 483 484 485 486 487 488 489 490 491 492 493 494 495 496 497 498 499 500 501 502 503 504 
ASSEMBLYINSTANCEINS2
60
616 617 618 619 620 621 622 623 624 625 626 627 628 629 630 631 632 633 634 635 636 637 638 639 640 641 642 643 644 645 646 647 648 649 650 651 652 653 654 655 656 657 658 659 660 661 662 663 664 665 666 667 668 669 670 671 672 673 674 675 
ASSEMBLYINSTANCEINS4
20
696 697 698 699 700 701 702 703 704 705 706 707 708 709 710 711 712 713 714 715 
ASSEMBLYINSTANCECON3
60
121 122 123 124 125 126 127 128 129 130 131 132 133 134 135 136 137 138 139 140 141 142 143 144 145 146 147 148 149 150 151 152 153 154 155 156 157 158 159 160 161 162 163 164 165 166 167 168 169 170 171 172 173 174 175 176 177 178 179 180 
ASSEMBLYINSTANCECON5
60
241 242 243 244 245 246 247 248 249 250 251 252 253 254 255 256 257 258 259 260 261 262 263 264 265 266 267 268 269 270 271 272 273 274 275 276 277 278 279 280 281 282 283 284 285 286 287 288 289 290 291 292 293 294 295 296 297 298 299 300 
ASSEMBLYINSTANCECOW1
51
301 302 303 304 305 306 307 308 309 310 311 312 313 314 315 316 317 318 319 320 321 322 323 324 325 326 327 328 329 330 331 332 333 334 335 336 337 338 339 340 341 342 343 344 345 346 347 348 349 350 351 
ASSEMBLYINSTANCECOW3
51
403 404 405 406 407 408 409 410 411 412 413 414 415 416 417 418 419 420 421 422 423 424 425 426 427 428 429 430 431 432 433 434 435 436 437 438 439 440 441 442 443 444 445 446 447 448 449 450 451 452 453 
ASSEMBLYINSTANCEINS1
60
556 557 558 559 560 561 562 563 564 565 566 567 568 569 570 571 572 573 574 575 576 577 578 579 580 581 582 583 584 585 586 587 588 589 590 591 592 593 594 595 596 597 598 599 600 601 602 603 604 605 606 607 608 609 610 611 612 613 614 615 
ASSEMBLYINSTANCEINS3
20
676 677 678 679 680 681 682 683 684 685 686 687 688 689 690 691 692 693 694 695 
ASSEMBLYINSTANCEINS5
20
716 717 718 719 720 721 722 723 724 725 726 727 728 729 730 731 732 733 734 735 
ASSEMBLYINSTANCECOW5
51
505 506 507 508 509 510 511 512 513 514 515 516 517 518 519 520 521 522 523 524 525 526 527 528 529 530 531 532 533 534 535 536 537 538 539 540 541 542 543 544 545 546 547 548 549 550 551 552 553 554 555 
0
SET-BC
0
1
0
15
ASSEMBLYINSTANCECOW1
3
301 302 303 
ASSEMBLYINSTANCEINS1
3
556 557 558 
ASSEMBLYINSTANCECOW2
3
352 353 354 
ASSEMBLYINSTANCECOW4
3
454 455 456 
ASSEMBLYINSTANCECON2
3
61 62 63 
ASSEMBLYINSTANCECON4
3
181 182 183 
ASSEMBLYINSTANCEINS2
3
616 617 618 
ASSEMBLYINSTANCEINS4
1
696 
ASSEMBLYINSTANCE-CON1
3
1 2 3 
ASSEMBLYINSTANCECON5
3
241 242 243 
ASSEMBLYINSTANCECON3
3
121 122 123 
ASSEMBLYINSTANCEINS3
1
676 
ASSEMBLYINSTANCEINS5
1
716 
ASSEMBLYINSTANCECOW5
3
505 506 507 
ASSEMBLYINSTANCECOW3
3
403 404 405 
0
SET-BODYFORCE
0
1
0
15
ASSEMBLYINSTANCECOW1
51
301 302 303 304 305 306 307 308 309 310 311 312 313 314 315 316 317 318 319 320 321 322 323 324 325 326 327 328 329 330 331 332 333 334 335 336 337 338 339 340 341 342 343 344 345 346 347 348 349 350 351 
ASSEMBLYINSTANCEINS1
60
556 557 558 559 560 561 562 563 564 565 566 567 568 569 570 571 572 573 574 575 576 577 578 579 580 581 582 583 584 585 586 587 588 589 590 591 592 593 594 595 596 597 598 599 600 601 602 603 604 605 606 607 608 609 610 611 612 613 614 615 
ASSEMBLYINSTANCECOW2
51
352 353 354 355 356 357 358 359 360 361 362 363 364 365 366 367 368 369 370 371 372 373 374 375 376 377 378 379 380 381 382 383 384 385 386 387 388 389 390 391 392 393 394 395 396 397 398 399 400 401 402 
ASSEMBLYINSTANCECOW4
51
454 455 456 457 458 459 460 461 462 463 464 465 466 467 468 469 470 471 472 473 474 475 476 477 478 479 480 481 482 483 484 485 486 487 488 489 490 491 492 493 494 495 496 497 498 499 500 501 502 503 504 
ASSEMBLYINSTANCECON2
60
61 62 63 64 65 66 67 68 69 70 71 72 73 74 75 76 77 78 79 80 81 82 83 84 85 86 87 88 89 90 91 92 93 94 95 96 97 98 99 100 101 102 103 104 105 106 107 108 109 110 111 112 113 114 115 116 117 118 119 120 
ASSEMBLYINSTANCECON4
60
181 182 183 184 185 186 187 188 189 190 191 192 193 194 195 196 197 198 199 200 201 202 203 204 205 206 207 208 209 210 211 212 213 214 215 216 217 218 219 220 221 222 223 224 225 226 227 228 229 230 231 232 233 234 235 236 237 238 239 240 
ASSEMBLYINSTANCEINS2
60
616 617 618 619 620 621 622 623 624 625 626 627 628 629 630 631 632 633 634 635 636 637 638 639 640 641 642 643 644 645 646 647 648 649 650 651 652 653 654 655 656 657 658 659 660 661 662 663 664 665 666 667 668 669 670 671 672 673 674 675 
ASSEMBLYINSTANCEINS4
20
696 697 698 699 700 701 702 703 704 705 706 707 708 709 710 711 712 713 714 715 
ASSEMBLYINSTANCE-CON1
60
1 2 3 4 5 6 7 8 9 10 11 12 13 14 15 16 17 18 19 20 21 22 23 24 25 26 27 28 29 30 31 32 33 34 35 36 37 38 39 40 41 42 43 44 45 46 47 48 49 50 51 52 53 54 55 56 57 58 59 60 
ASSEMBLYINSTANCECON5
60
241 242 243 244 245 246 247 248 249 250 251 252 253 254 255 256 257 258 259 260 261 262 263 264 265 266 267 268 269 270 271 272 273 274 275 276 277 278 279 280 281 282 283 284 285 286 287 288 289 290 291 292 293 294 295 296 297 298 299 300 
ASSEMBLYINSTANCECON3
60
121 122 123 124 125 126 127 128 129 130 131 132 133 134 135 136 137 138 139 140 141 142 143 144 145 146 147 148 149 150 151 152 153 154 155 156 157 158 159 160 161 162 163 164 165 166 167 168 169 170 171 172 173 174 175 176 177 178 179 180 
ASSEMBLYINSTANCEINS3
20
676 677 678 679 680 681 682 683 684 685 686 687 688 689 690 691 692 693 694 695 
ASSEMBLYINSTANCEINS5
20
716 717 718 719 720 721 722 723 724 725 726 727 728 729 730 731 732 733 734 735 
ASSEMBLYINSTANCECOW5
51
505 506 507 508 509 510 511 512 513 514 515 516 517 518 519 520 521 522 523 524 525 526 527 528 529 530 531 532 533 534 535 536 537 538 539 540 541 542 543 544 545 546 547 548 549 550 551 552 553 554 555 
ASSEMBLYINSTANCECOW3
51
403 404 405 406 407 408 409 410 411 412 413 414 415 416 417 418 419 420 421 422 423 424 425 426 427 428 429 430 431 432 433 434 435 436 437 438 439 440 441 442 443 444 445 446 447 448 449 450 451 452 453 
0
_M_SURF-MASTER_S2
0
2
0
5
ASSEMBLYINSTANCECOW1
17
303 306 309 312 315 318 321 324 327 330 333 336 339 342 345 348 351 
ASSEMBLYINSTANCECOW2
17
354 357 360 363 366 369 372 375 378 381 384 387 390 393 396 399 402 
ASSEMBLYINSTANCECOW4
17
456 459 462 465 468 471 474 477 480 483 486 489 492 495 498 501 504 
ASSEMBLYINSTANCECOW3
17
405 408 411 414 417 420 423 426 429 432 435 438 441 444 447 450 453 
ASSEMBLYINSTANCECOW5
17
507 510 513 516 519 522 525 528 531 534 537 540 543 546 549 552 555 
0
_M_SURF-MASTER_S4
0
2
0
10
ASSEMBLYINSTANCE-CON1
20
1 4 7 10 13 16 19 22 25 28 31 34 37 40 43 46 49 52 55 58 
ASSEMBLYINSTANCECON2
20
61 64 67 70 73 76 79 82 85 88 91 94 97 100 103 106 109 112 115 118 
ASSEMBLYINSTANCECOW2
17
352 355 358 361 364 367 370 373 376 379 382 385 388 391 394 397 400 
ASSEMBLYINSTANCECON4
20
181 184 187 190 193 196 199 202 205 208 211 214 217 220 223 226 229 232 235 238 
ASSEMBLYINSTANCECOW4
17
454 457 460 463 466 469 472 475 478 481 484 487 490 493 496 499 502 
ASSEMBLYINSTANCECOW1
17
301 304 307 310 313 316 319 322 325 328 331 334 337 340 343 346 349 
ASSEMBLYINSTANCECON5
20
241 244 247 250 253 256 259 262 265 268 271 274 277 280 283 286 289 292 295 298 
ASSEMBLYINSTANCECON3
20
121 124 127 130 133 136 139 142 145 148 151 154 157 160 163 166 169 172 175 178 
ASSEMBLYINSTANCECOW5
17
505 508 511 514 517 520 523 526 529 532 535 538 541 544 547 550 553 
ASSEMBLYINSTANCECOW3
17
403 406 409 412 415 418 421 424 427 430 433 436 439 442 445 448 451 
0
_M_SURF-SLAVE_S2
0
2
0
10
ASSEMBLYINSTANCE-CON1
20
3 6 9 12 15 18 21 24 27 30 33 36 39 42 45 48 51 54 57 60 
ASSEMBLYINSTANCECON2
20
63 66 69 72 75 78 81 84 87 90 93 96 99 102 105 108 111 114 117 120 
ASSEMBLYINSTANCEINS2
20
618 621 624 627 630 633 636 639 642 645 648 651 654 657 660 663 666 669 672 675 
ASSEMBLYINSTANCECON4
20
183 186 189 192 195 198 201 204 207 210 213 216 219 222 225 228 231 234 237 240 
ASSEMBLYINSTANCEINS4
20
696 697 698 699 700 701 702 703 704 705 706 707 708 709 710 711 712 713 714 715 
ASSEMBLYINSTANCEINS1
20
558 561 564 567 570 573 576 579 582 585 588 591 594 597 600 603 606 609 612 615 
ASSEMBLYINSTANCECON3
20
123 126 129 132 135 138 141 144 147 150 153 156 159 162 165 168 171 174 177 180 
ASSEMBLYINSTANCECON5
20
243 246 249 252 255 258 261 264 267 270 273 276 279 282 285 288 291 294 297 300 
ASSEMBLYINSTANCEINS3
20
676 677 678 679 680 681 682 683 684 685 686 687 688 689 690 691 692 693 694 695 
ASSEMBLYINSTANCEINS5
20
716 717 718 719 720 721 722 723 724 725 726 727 728 729 730 731 732 733 734 735 
0
_M_SURF-SLAVE_S4
0
2
0
5
ASSEMBLYINSTANCEINS1
20
556 559 562 565 568 571 574 577 580 583 586 589 592 595 598 601 604 607 610 613 
ASSEMBLYINSTANCEINS2
20
616 619 622 625 628 631 634 637 640 643 646 649 652 655 658 661 664 667 670 673 
ASSEMBLYINSTANCEINS4
20
696 697 698 699 700 701 702 703 704 705 706 707 708 709 710 711 712 713 714 715 
ASSEMBLYINSTANCEINS3
20
676 677 678 679 680 681 682 683 684 685 686 687 688 689 690 691 692 693 694 695 
ASSEMBLYINSTANCEINS5
20
716 717 718 719 720 721 722 723 724 725 726 727 728 729 730 731 732 733 734 735 
0
15
ASSEMBLYINSTANCE-CON1
6
 P       1
0
2
60
1 2 3 4 5 6 7 8 9 10 11 12 13 14 15 16 17 18 19 20 21 22 23 24 25 26 27 28 29 30 31 32 33 34 35 36 37 38 39 40 41 42 43 44 45 46 47 48 49 50 51 52 53 54 55 56 57 58 59 60 
0
0
 P       1SET-BC
0
2
3
1 2 3 
0
0
 P       1SET-BODYFORCE
0
2
60
1 2 3 4 5 6 7 8 9 10 11 12 13 14 15 16 17 18 19 20 21 22 23 24 25 26 27 28 29 30 31 32 33 34 35 36 37 38 39 40 41 42 43 44 45 46 47 48 49 50 51 52 53 54 55 56 57 58 59 60 
0
0
 P       1_M_SURF-MASTER_S4
0
2
20
1 4 7 10 13 16 19 22 25 28 31 34 37 40 43 46 49 52 55 58 
0
0
 P       1_M_SURF-SLAVE_S2
0
2
20
3 6 9 12 15 18 21 24 27 30 33 36 39 42 45 48 51 54 57 60 
0
0
_PICKEDSET2
0
2
60
1 2 3 4 5 6 7 8 9 10 11 12 13 14 15 16 17 18 19 20 21 22 23 24 25 26 27 28 29 30 31 32 33 34 35 36 37 38 39 40 41 42 43 44 45 46 47 48 49 50 51 52 53 54 55 56 57 58 59 60 
0
0
0
ASSEMBLYINSTANCECOW1
6
 P       6
0
2
51
301 302 303 304 305 306 307 308 309 310 311 312 313 314 315 316 317 318 319 320 321 322 323 324 325 326 327 328 329 330 331 332 333 334 335 336 337 338 339 340 341 342 343 344 345 346 347 348 349 350 351 
0
0
 P       6SET-BC
0
2
3
301 302 303 
0
0
 P       6SET-BODYFORCE
0
2
51
301 302 303 304 305 306 307 308 309 310 311 312 313 314 315 316 317 318 319 320 321 322 323 324 325 326 327 328 329 330 331 332 333 334 335 336 337 338 339 340 341 342 343 344 345 346 347 348 349 350 351 
0
0
 P       6_M_SURF-MASTER_S2
0
2
17
303 306 309 312 315 318 321 324 327 330 333 336 339 342 345 348 351 
0
0
 P       6_M_SURF-MASTER_S4
0
2
17
301 304 307 310 313 316 319 322 325 328 331 334 337 340 343 346 349 
0
0
_PICKEDSET2
0
2
51
301 302 303 304 305 306 307 308 309 310 311 312 313 314 315 316 317 318 319 320 321 322 323 324 325 326 327 328 329 330 331 332 333 334 335 336 337 338 339 340 341 342 343 344 345 346 347 348 349 350 351 
0
0
0
ASSEMBLYINSTANCECON2
6
 P       2
0
2
60
61 62 63 64 65 66 67 68 69 70 71 72 73 74 75 76 77 78 79 80 81 82 83 84 85 86 87 88 89 90 91 92 93 94 95 96 97 98 99 100 101 102 103 104 105 106 107 108 109 110 111 112 113 114 115 116 117 118 119 120 
0
0
 P       2SET-BC
0
2
3
61 62 63 
0
0
 P       2SET-BODYFORCE
0
2
60
61 62 63 64 65 66 67 68 69 70 71 72 73 74 75 76 77 78 79 80 81 82 83 84 85 86 87 88 89 90 91 92 93 94 95 96 97 98 99 100 101 102 103 104 105 106 107 108 109 110 111 112 113 114 115 116 117 118 119 120 
0
0
 P       2_M_SURF-MASTER_S4
0
2
20
61 64 67 70 73 76 79 82 85 88 91 94 97 100 103 106 109 112 115 118 
0
0
 P       2_M_SURF-SLAVE_S2
0
2
20
63 66 69 72 75 78 81 84 87 90 93 96 99 102 105 108 111 114 117 120 
0
0
_PICKEDSET2
0
2
60
61 62 63 64 65 66 67 68 69 70 71 72 73 74 75 76 77 78 79 80 81 82 83 84 85 86 87 88 89 90 91 92 93 94 95 96 97 98 99 100 101 102 103 104 105 106 107 108 109 110 111 112 113 114 115 116 117 118 119 120 
0
0
0
ASSEMBLYINSTANCECOW2
6
 P       7
0
2
51
352 353 354 355 356 357 358 359 360 361 362 363 364 365 366 367 368 369 370 371 372 373 374 375 376 377 378 379 380 381 382 383 384 385 386 387 388 389 390 391 392 393 394 395 396 397 398 399 400 401 402 
0
0
 P       7SET-BC
0
2
3
352 353 354 
0
0
 P       7SET-BODYFORCE
0
2
51
352 353 354 355 356 357 358 359 360 361 362 363 364 365 366 367 368 369 370 371 372 373 374 375 376 377 378 379 380 381 382 383 384 385 386 387 388 389 390 391 392 393 394 395 396 397 398 399 400 401 402 
0
0
 P       7_M_SURF-MASTER_S2
0
2
17
354 357 360 363 366 369 372 375 378 381 384 387 390 393 396 399 402 
0
0
 P       7_M_SURF-MASTER_S4
0
2
17
352 355 358 361 364 367 370 373 376 379 382 385 388 391 394 397 400 
0
0
_PICKEDSET2
0
2
51
352 353 354 355 356 357 358 359 360 361 362 363 364 365 366 367 368 369 370 371 372 373 374 375 376 377 378 379 380 381 382 383 384 385 386 387 388 389 390 391 392 393 394 395 396 397 398 399 400 401 402 
0
0
0
ASSEMBLYINSTANCECON4
6
 P       4
0
2
60
181 182 183 184 185 186 187 188 189 190 191 192 193 194 195 196 197 198 199 200 201 202 203 204 205 206 207 208 209 210 211 212 213 214 215 216 217 218 219 220 221 222 223 224 225 226 227 228 229 230 231 232 233 234 235 236 237 238 239 240 
0
0
 P       4SET-BC
0
2
3
181 182 183 
0
0
 P       4SET-BODYFORCE
0
2
60
181 182 183 184 185 186 187 188 189 190 191 192 193 194 195 196 197 198 199 200 201 202 203 204 205 206 207 208 209 210 211 212 213 214 215 216 217 218 219 220 221 222 223 224 225 226 227 228 229 230 231 232 233 234 235 236 237 238 239 240 
0
0
 P       4_M_SURF-MASTER_S4
0
2
20
181 184 187 190 193 196 199 202 205 208 211 214 217 220 223 226 229 232 235 238 
0
0
 P       4_M_SURF-SLAVE_S2
0
2
20
183 186 189 192 195 198 201 204 207 210 213 216 219 222 225 228 231 234 237 240 
0
0
_PICKEDSET2
0
2
60
181 182 183 184 185 186 187 188 189 190 191 192 193 194 195 196 197 198 199 200 201 202 203 204 205 206 207 208 209 210 211 212 213 214 215 216 217 218 219 220 221 222 223 224 225 226 227 228 229 230 231 232 233 234 235 236 237 238 239 240 
0
0
0
ASSEMBLYINSTANCEINS2
6
 P      12
0
2
60
616 617 618 619 620 621 622 623 624 625 626 627 628 629 630 631 632 633 634 635 636 637 638 639 640 641 642 643 644 645 646 647 648 649 650 651 652 653 654 655 656 657 658 659 660 661 662 663 664 665 666 667 668 669 670 671 672 673 674 675 
0
0
 P      12SET-BC
0
2
3
616 617 618 
0
0
 P      12SET-BODYFORCE
0
2
60
616 617 618 619 620 621 622 623 624 625 626 627 628 629 630 631 632 633 634 635 636 637 638 639 640 641 642 643 644 645 646 647 648 649 650 651 652 653 654 655 656 657 658 659 660 661 662 663 664 665 666 667 668 669 670 671 672 673 674 675 
0
0
 P      12_M_SURF-SLAVE_S2
0
2
20
618 621 624 627 630 633 636 639 642 645 648 651 654 657 660 663 666 669 672 675 
0
0
 P      12_M_SURF-SLAVE_S4
0
2
20
616 619 622 625 628 631 634 637 640 643 646 649 652 655 658 661 664 667 670 673 
0
0
_PICKEDSET2
0
2
60
616 617 618 619 620 621 622 623 624 625 626 627 628 629 630 631 632 633 634 635 636 637 638 639 640 641 642 643 644 645 646 647 648 649 650 651 652 653 654 655 656 657 658 659 660 661 662 663 664 665 666 667 668 669 670 671 672 673 674 675 
0
0
0
ASSEMBLYINSTANCECOW4
6
 P       9
0
2
51
454 455 456 457 458 459 460 461 462 463 464 465 466 467 468 469 470 471 472 473 474 475 476 477 478 479 480 481 482 483 484 485 486 487 488 489 490 491 492 493 494 495 496 497 498 499 500 501 502 503 504 
0
0
 P       9SET-BC
0
2
3
454 455 456 
0
0
 P       9SET-BODYFORCE
0
2
51
454 455 456 457 458 459 460 461 462 463 464 465 466 467 468 469 470 471 472 473 474 475 476 477 478 479 480 481 482 483 484 485 486 487 488 489 490 491 492 493 494 495 496 497 498 499 500 501 502 503 504 
0
0
 P       9_M_SURF-MASTER_S2
0
2
17
456 459 462 465 468 471 474 477 480 483 486 489 492 495 498 501 504 
0
0
 P       9_M_SURF-MASTER_S4
0
2
17
454 457 460 463 466 469 472 475 478 481 484 487 490 493 496 499 502 
0
0
_PICKEDSET2
0
2
51
454 455 456 457 458 459 460 461 462 463 464 465 466 467 468 469 470 471 472 473 474 475 476 477 478 479 480 481 482 483 484 485 486 487 488 489 490 491 492 493 494 495 496 497 498 499 500 501 502 503 504 
0
0
0
ASSEMBLYINSTANCEINS4
6
 P      14
0
2
20
696 697 698 699 700 701 702 703 704 705 706 707 708 709 710 711 712 713 714 715 
0
0
 P      14SET-BC
0
2
1
696 
0
0
 P      14SET-BODYFORCE
0
2
20
696 697 698 699 700 701 702 703 704 705 706 707 708 709 710 711 712 713 714 715 
0
0
 P      14_M_SURF-SLAVE_S2
0
2
20
696 697 698 699 700 701 702 703 704 705 706 707 708 709 710 711 712 713 714 715 
0
0
 P      14_M_SURF-SLAVE_S4
0
2
20
696 697 698 699 700 701 702 703 704 705 706 707 708 709 710 711 712 713 714 715 
0
0
_PICKEDSET2
0
2
20
696 697 698 699 700 701 702 703 704 705 706 707 708 709 710 711 712 713 714 715 
0
0
0
ASSEMBLYINSTANCEINS1
6
 P      11
0
2
60
556 557 558 559 560 561 562 563 564 565 566 567 568 569 570 571 572 573 574 575 576 577 578 579 580 581 582 583 584 585 586 587 588 589 590 591 592 593 594 595 596 597 598 599 600 601 602 603 604 605 606 607 608 609 610 611 612 613 614 615 
0
0
 P      11SET-BC
0
2
3
556 557 558 
0
0
 P      11SET-BODYFORCE
0
2
60
556 557 558 559 560 561 562 563 564 565 566 567 568 569 570 571 572 573 574 575 576 577 578 579 580 581 582 583 584 585 586 587 588 589 590 591 592 593 594 595 596 597 598 599 600 601 602 603 604 605 606 607 608 609 610 611 612 613 614 615 
0
0
 P      11_M_SURF-SLAVE_S2
0
2
20
558 561 564 567 570 573 576 579 582 585 588 591 594 597 600 603 606 609 612 615 
0
0
 P      11_M_SURF-SLAVE_S4
0
2
20
556 559 562 565 568 571 574 577 580 583 586 589 592 595 598 601 604 607 610 613 
0
0
_PICKEDSET2
0
2
60
556 557 558 559 560 561 562 563 564 565 566 567 568 569 570 571 572 573 574 575 576 577 578 579 580 581 582 583 584 585 586 587 588 589 590 591 592 593 594 595 596 597 598 599 600 601 602 603 604 605 606 607 608 609 610 611 612 613 614 615 
0
0
0
ASSEMBLYINSTANCECON3
6
 P       3
0
2
60
121 122 123 124 125 126 127 128 129 130 131 132 133 134 135 136 137 138 139 140 141 142 143 144 145 146 147 148 149 150 151 152 153 154 155 156 157 158 159 160 161 162 163 164 165 166 167 168 169 170 171 172 173 174 175 176 177 178 179 180 
0
0
 P       3SET-BC
0
2
3
121 122 123 
0
0
 P       3SET-BODYFORCE
0
2
60
121 122 123 124 125 126 127 128 129 130 131 132 133 134 135 136 137 138 139 140 141 142 143 144 145 146 147 148 149 150 151 152 153 154 155 156 157 158 159 160 161 162 163 164 165 166 167 168 169 170 171 172 173 174 175 176 177 178 179 180 
0
0
 P       3_M_SURF-MASTER_S4
0
2
20
121 124 127 130 133 136 139 142 145 148 151 154 157 160 163 166 169 172 175 178 
0
0
 P       3_M_SURF-SLAVE_S2
0
2
20
123 126 129 132 135 138 141 144 147 150 153 156 159 162 165 168 171 174 177 180 
0
0
_PICKEDSET2
0
2
60
121 122 123 124 125 126 127 128 129 130 131 132 133 134 135 136 137 138 139 140 141 142 143 144 145 146 147 148 149 150 151 152 153 154 155 156 157 158 159 160 161 162 163 164 165 166 167 168 169 170 171 172 173 174 175 176 177 178 179 180 
0
0
0
ASSEMBLYINSTANCECON5
6
 P       5
0
2
60
241 242 243 244 245 246 247 248 249 250 251 252 253 254 255 256 257 258 259 260 261 262 263 264 265 266 267 268 269 270 271 272 273 274 275 276 277 278 279 280 281 282 283 284 285 286 287 288 289 290 291 292 293 294 295 296 297 298 299 300 
0
0
 P       5SET-BC
0
2
3
241 242 243 
0
0
 P       5SET-BODYFORCE
0
2
60
241 242 243 244 245 246 247 248 249 250 251 252 253 254 255 256 257 258 259 260 261 262 263 264 265 266 267 268 269 270 271 272 273 274 275 276 277 278 279 280 281 282 283 284 285 286 287 288 289 290 291 292 293 294 295 296 297 298 299 300 
0
0
 P       5_M_SURF-MASTER_S4
0
2
20
241 244 247 250 253 256 259 262 265 268 271 274 277 280 283 286 289 292 295 298 
0
0
 P       5_M_SURF-SLAVE_S2
0
2
20
243 246 249 252 255 258 261 264 267 270 273 276 279 282 285 288 291 294 297 300 
0
0
_PICKEDSET2
0
2
60
241 242 243 244 245 246 247 248 249 250 251 252 253 254 255 256 257 258 259 260 261 262 263 264 265 266 267 268 269 270 271 272 273 274 275 276 277 278 279 280 281 282 283 284 285 286 287 288 289 290 291 292 293 294 295 296 297 298 299 300 
0
0
0
ASSEMBLYINSTANCECOW3
6
 P       8
0
2
51
403 404 405 406 407 408 409 410 411 412 413 414 415 416 417 418 419 420 421 422 423 424 425 426 427 428 429 430 431 432 433 434 435 436 437 438 439 440 441 442 443 444 445 446 447 448 449 450 451 452 453 
0
0
 P       8SET-BC
0
2
3
403 404 405 
0
0
 P       8SET-BODYFORCE
0
2
51
403 404 405 406 407 408 409 410 411 412 413 414 415 416 417 418 419 420 421 422 423 424 425 426 427 428 429 430 431 432 433 434 435 436 437 438 439 440 441 442 443 444 445 446 447 448 449 450 451 452 453 
0
0
 P       8_M_SURF-MASTER_S2
0
2
17
405 408 411 414 417 420 423 426 429 432 435 438 441 444 447 450 453 
0
0
 P       8_M_SURF-MASTER_S4
0
2
17
403 406 409 412 415 418 421 424 427 430 433 436 439 442 445 448 451 
0
0
_PICKEDSET2
0
2
51
403 404 405 406 407 408 409 410 411 412 413 414 415 416 417 418 419 420 421 422 423 424 425 426 427 428 429 430 431 432 433 434 435 436 437 438 439 440 441 442 443 444 445 446 447 448 449 450 451 452 453 
0
0
0
ASSEMBLYINSTANCEINS3
6
 P      13
0
2
20
676 677 678 679 680 681 682 683 684 685 686 687 688 689 690 691 692 693 694 695 
0
0
 P      13SET-BC
0
2
1
676 
0
0
 P      13SET-BODYFORCE
0
2
20
676 677 678 679 680 681 682 683 684 685 686 687 688 689 690 691 692 693 694 695 
0
0
 P      13_M_SURF-SLAVE_S2
0
2
20
676 677 678 679 680 681 682 683 684 685 686 687 688 689 690 691 692 693 694 695 
0
0
 P      13_M_SURF-SLAVE_S4
0
2
20
676 677 678 679 680 681 682 683 684 685 686 687 688 689 690 691 692 693 694 695 
0
0
_PICKEDSET2
0
2
20
676 677 678 679 680 681 682 683 684 685 686 687 688 689 690 691 692 693 694 695 
0
0
0
ASSEMBLYINSTANCEINS5
6
 P      15
0
2
20
716 717 718 719 720 721 722 723 724 725 726 727 728 729 730 731 732 733 734 735 
0
0
 P      15SET-BC
0
2
1
716 
0
0
 P      15SET-BODYFORCE
0
2
20
716 717 718 719 720 721 722 723 724 725 726 727 728 729 730 731 732 733 734 735 
0
0
 P      15_M_SURF-SLAVE_S2
0
2
20
716 717 718 719 720 721 722 723 724 725 726 727 728 729 730 731 732 733 734 735 
0
0
 P      15_M_SURF-SLAVE_S4
0
2
20
716 717 718 719 720 721 722 723 724 725 726 727 728 729 730 731 732 733 734 735 
0
0
_PICKEDSET2
0
2
20
716 717 718 719 720 721 722 723 724 725 726 727 728 729 730 731 732 733 734 735 
0
0
0
ASSEMBLYINSTANCECOW5
6
 P      10
0
2
51
505 506 507 508 509 510 511 512 513 514 515 516 517 518 519 520 521 522 523 524 525 526 527 528 529 530 531 532 533 534 535 536 537 538 539 540 541 542 543 544 545 546 547 548 549 550 551 552 553 554 555 
0
0
 P      10SET-BC
0
2
3
505 506 507 
0
0
 P      10SET-BODYFORCE
0
2
51
505 506 507 508 509 510 511 512 513 514 515 516 517 518 519 520 521 522 523 524 525 526 527 528 529 530 531 532 533 534 535 536 537 538 539 540 541 542 543 544 545 546 547 548 549 550 551 552 553 554 555 
0
0
 P      10_M_SURF-MASTER_S2
0
2
17
507 510 513 516 519 522 525 528 531 534 537 540 543 546 549 552 555 
0
0
 P      10_M_SURF-MASTER_S4
0
2
17
505 508 511 514 517 520 523 526 529 532 535 538 541 544 547 550 553 
0
0
_PICKEDSET2
0
2
51
505 506 507 508 509 510 511 512 513 514 515 516 517 518 519 520 521 522 523 524 525 526 527 528 529 530 531 532 533 534 535 536 537 538 539 540 541 542 543 544 545 546 547 548 549 550 551 552 553 554 555 
0
0
0
5

0
2
0
15
ASSEMBLYINSTANCE-CON1
84
1 2 3 4 5 6 7 8 9 10 11 12 13 14 15 16 17 18 19 20 21 22 23 24 25 26 27 28 29 30 31 32 33 34 35 36 37 38 39 40 41 42 43 44 45 46 47 48 49 50 51 52 53 54 55 56 57 58 59 60 61 62 63 64 65 66 67 68 69 70 71 72 73 74 75 76 77 78 79 80 81 82 83 84 
ASSEMBLYINSTANCECON2
84
85 86 87 88 89 90 91 92 93 94 95 96 97 98 99 100 101 102 103 104 105 106 107 108 109 110 111 112 113 114 115 116 117 118 119 120 121 122 123 124 125 126 127 128 129 130 131 132 133 134 135 136 137 138 139 140 141 142 143 144 145 146 147 148 149 150 151 152 153 154 155 156 157 158 159 160 161 162 163 164 165 166 167 168 
ASSEMBLYINSTANCECON4
84
253 254 255 256 257 258 259 260 261 262 263 264 265 266 267 268 269 270 271 272 273 274 275 276 277 278 279 280 281 282 283 284 285 286 287 288 289 290 291 292 293 294 295 296 297 298 299 300 301 302 303 304 305 306 307 308 309 310 311 312 313 314 315 316 317 318 319 320 321 322 323 324 325 326 327 328 329 330 331 332 333 334 335 336 
ASSEMBLYINSTANCECOW2
72
493 494 495 496 497 498 499 500 501 502 503 504 505 506 507 508 509 510 511 512 513 514 515 516 517 518 519 520 521 522 523 524 525 526 527 528 529 530 531 532 533 534 535 536 537 538 539 540 541 542 543 544 545 546 547 548 549 550 551 552 553 554 555 556 557 558 559 560 561 562 563 564 
ASSEMBLYINSTANCECOW4
72
637 638 639 640 641 642 643 644 645 646 647 648 649 650 651 652 653 654 655 656 657 658 659 660 661 662 663 664 665 666 667 668 669 670 671 672 673 674 675 676 677 678 679 680 681 682 683 684 685 686 687 688 689 690 691 692 693 694 695 696 697 698 699 700 701 702 703 704 705 706 707 708 
ASSEMBLYINSTANCEINS2
84
865 866 867 868 869 870 871 872 873 874 875 876 877 878 879 880 881 882 883 884 885 886 887 888 889 890 891 892 893 894 895 896 897 898 899 900 901 902 903 904 905 906 907 908 909 910 911 912 913 914 915 916 917 918 919 920 921 922 923 924 925 926 927 928 929 930 931 932 933 934 935 936 937 938 939 940 941 942 943 944 945 946 947 948 
ASSEMBLYINSTANCEINS4
42
991 992 993 994 995 996 997 998 999 1000 1001 1002 1003 1004 1005 1006 1007 1008 1009 1010 1011 1012 1013 1014 1015 1016 1017 1018 1019 1020 1021 1022 1023 1024 1025 1026 1027 1028 1029 1030 1031 1032 
ASSEMBLYINSTANCECON3
84
169 170 171 172 173 174 175 176 177 178 179 180 181 182 183 184 185 186 187 188 189 190 191 192 193 194 195 196 197 198 199 200 201 202 203 204 205 206 207 208 209 210 211 212 213 214 215 216 217 218 219 220 221 222 223 224 225 226 227 228 229 230 231 232 233 234 235 236 237 238 239 240 241 242 243 244 245 246 247 248 249 250 251 252 
ASSEMBLYINSTANCECON5
84
337 338 339 340 341 342 343 344 345 346 347 348 349 350 351 352 353 354 355 356 357 358 359 360 361 362 363 364 365 366 367 368 369 370 371 372 373 374 375 376 377 378 379 380 381 382 383 384 385 386 387 388 389 390 391 392 393 394 395 396 397 398 399 400 401 402 403 404 405 406 407 408 409 410 411 412 413 414 415 416 417 418 419 420 
ASSEMBLYINSTANCECOW1
72
421 422 423 424 425 426 427 428 429 430 431 432 433 434 435 436 437 438 439 440 441 442 443 444 445 446 447 448 449 450 451 452 453 454 455 456 457 458 459 460 461 462 463 464 465 466 467 468 469 470 471 472 473 474 475 476 477 478 479 480 481 482 483 484 485 486 487 488 489 490 491 492 
ASSEMBLYINSTANCECOW3
72
565 566 567 568 569 570 571 572 573 574 575 576 577 578 579 580 581 582 583 584 585 586 587 588 589 590 591 592 593 594 595 596 597 598 599 600 601 602 603 604 605 606 607 608 609 610 611 612 613 614 615 616 617 618 619 620 621 622 623 624 625 626 627 628 629 630 631 632 633 634 635 636 
ASSEMBLYINSTANCEINS1
84
781 782 783 784 785 786 787 788 789 790 791 792 793 794 795 796 797 798 799 800 801 802 803 804 805 806 807 808 809 810 811 812 813 814 815 816 817 818 819 820 821 822 823 824 825 826 827 828 829 830 831 832 833 834 835 836 837 838 839 840 841 842 843 844 845 846 847 848 849 850 851 852 853 854 855 856 857 858 859 860 861 862 863 864 
ASSEMBLYINSTANCEINS3
42
949 950 951 952 953 954 955 956 957 958 959 960 961 962 963 964 965 966 967 968 969 970 971 972 973 974 975 976 977 978 979 980 981 982 983 984 985 986 987 988 989 990 
ASSEMBLYINSTANCEINS5
42
1033 1034 1035 1036 1037 1038 1039 1040 1041 1042 1043 1044 1045 1046 1047 1048 1049 1050 1051 1052 1053 1054 1055 1056 1057 1058 1059 1060 1061 1062 1063 1064 1065 1066 1067 1068 1069 1070 1071 1072 1073 1074 
ASSEMBLYINSTANCECOW5
72
709 710 711 712 713 714 715 716 717 718 719 720 721 722 723 724 725 726 727 728 729 730 731 732 733 734 735 736 737 738 739 740 741 742 743 744 745 746 747 748 749 750 751 752 753 754 755 756 757 758 759 760 761 762 763 764 765 766 767 768 769 770 771 772 773 774 775 776 777 778 779 780 
0
 M000001
0
2
0
10
ASSEMBLYINSTANCE-CON1
21
1 5 9 13 17 21 25 29 33 37 41 45 49 53 57 61 65 69 73 77 81 
ASSEMBLYINSTANCECON2
21
85 89 93 97 101 105 109 113 117 121 125 129 133 137 141 145 149 153 157 161 165 
ASSEMBLYINSTANCECON4
21
253 257 261 265 269 273 277 281 285 289 293 297 301 305 309 313 317 321 325 329 333 
ASSEMBLYINSTANCECOW2
36
493 496 497 500 501 504 505 508 509 512 513 516 517 520 521 524 525 528 529 532 533 536 537 540 541 544 545 548 549 552 553 556 557 560 561 564 
ASSEMBLYINSTANCECOW4
36
637 640 641 644 645 648 649 652 653 656 657 660 661 664 665 668 669 672 673 676 677 680 681 684 685 688 689 692 693 696 697 700 701 704 705 708 
ASSEMBLYINSTANCECON3
21
169 173 177 181 185 189 193 197 201 205 209 213 217 221 225 229 233 237 241 245 249 
ASSEMBLYINSTANCECON5
21
337 341 345 349 353 357 361 365 369 373 377 381 385 389 393 397 401 405 409 413 417 
ASSEMBLYINSTANCECOW1
36
421 424 425 428 429 432 433 436 437 440 441 444 445 448 449 452 453 456 457 460 461 464 465 468 469 472 473 476 477 480 481 484 485 488 489 492 
ASSEMBLYINSTANCECOW3
36
565 568 569 572 573 576 577 580 581 584 585 588 589 592 593 596 597 600 601 604 605 608 609 612 613 616 617 620 621 624 625 628 629 632 633 636 
ASSEMBLYINSTANCECOW5
36
709 712 713 716 717 720 721 724 725 728 729 732 733 736 737 740 741 744 745 748 749 752 753 756 757 760 761 764 765 768 769 772 773 776 777 780 
0
 Z000001
0
2
0
10
ASSEMBLYINSTANCE-CON1
21
4 8 12 16 20 24 28 32 36 40 44 48 52 56 60 64 68 72 76 80 84 
ASSEMBLYINSTANCECON2
21
88 92 96 100 104 108 112 116 120 124 128 132 136 140 144 148 152 156 160 164 168 
ASSEMBLYINSTANCECON4
21
256 260 264 268 272 276 280 284 288 292 296 300 304 308 312 316 320 324 328 332 336 
ASSEMBLYINSTANCEINS2
42
865 868 869 872 873 876 877 880 881 884 885 888 889 892 893 896 897 900 901 904 905 908 909 912 913 916 917 920 921 924 925 928 929 932 933 936 937 940 941 944 945 948 
ASSEMBLYINSTANCEINS4
42
991 992 993 994 995 996 997 998 999 1000 1001 1002 1003 1004 1005 1006 1007 1008 1009 1010 1011 1012 1013 1014 1015 1016 1017 1018 1019 1020 1021 1022 1023 1024 1025 1026 1027 1028 1029 1030 1031 1032 
ASSEMBLYINSTANCECON3
21
172 176 180 184 188 192 196 200 204 208 212 216 220 224 228 232 236 240 244 248 252 
ASSEMBLYINSTANCECON5
21
340 344 348 352 356 360 364 368 372 376 380 384 388 392 396 400 404 408 412 416 420 
ASSEMBLYINSTANCEINS1
42
781 784 785 788 789 792 793 796 797 800 801 804 805 808 809 812 813 816 817 820 821 824 825 828 829 832 833 836 837 840 841 844 845 848 849 852 853 856 857 860 861 864 
ASSEMBLYINSTANCEINS3
42
949 950 951 952 953 954 955 956 957 958 959 960 961 962 963 964 965 966 967 968 969 970 971 972 973 974 975 976 977 978 979 980 981 982 983 984 985 986 987 988 989 990 
ASSEMBLYINSTANCEINS5
42
1033 1034 1035 1036 1037 1038 1039 1040 1041 1042 1043 1044 1045 1046 1047 1048 1049 1050 1051 1052 1053 1054 1055 1056 1057 1058 1059 1060 1061 1062 1063 1064 1065 1066 1067 1068 1069 1070 1071 1072 1073 1074 
0
SET-BC
0
1
0
15
ASSEMBLYINSTANCECOW1
4
421 422 423 424 
ASSEMBLYINSTANCEINS1
4
781 782 783 784 
ASSEMBLYINSTANCECOW2
4
493 494 495 496 
ASSEMBLYINSTANCECOW4
4
637 638 639 640 
ASSEMBLYINSTANCECON2
4
85 86 87 88 
ASSEMBLYINSTANCECON4
4
253 254 255 256 
ASSEMBLYINSTANCEINS2
4
865 866 867 868 
ASSEMBLYINSTANCEINS4
2
991 992 
ASSEMBLYINSTANCE-CON1
4
1 2 3 4 
ASSEMBLYINSTANCECON5
4
337 338 339 340 
ASSEMBLYINSTANCECON3
4
169 170 171 172 
ASSEMBLYINSTANCEINS3
2
949 950 
ASSEMBLYINSTANCEINS5
2
1033 1034 
ASSEMBLYINSTANCECOW5
4
709 710 711 712 
ASSEMBLYINSTANCECOW3
4
565 566 567 568 
0
SET-BODYFORCE
0
1
0
15
ASSEMBLYINSTANCECOW1
72
421 422 423 424 425 426 427 428 429 430 431 432 433 434 435 436 437 438 439 440 441 442 443 444 445 446 447 448 449 450 451 452 453 454 455 456 457 458 459 460 461 462 463 464 465 466 467 468 469 470 471 472 473 474 475 476 477 478 479 480 481 482 483 484 485 486 487 488 489 490 491 492 
ASSEMBLYINSTANCEINS1
84
781 782 783 784 785 786 787 788 789 790 791 792 793 794 795 796 797 798 799 800 801 802 803 804 805 806 807 808 809 810 811 812 813 814 815 816 817 818 819 820 821 822 823 824 825 826 827 828 829 830 831 832 833 834 835 836 837 838 839 840 841 842 843 844 845 846 847 848 849 850 851 852 853 854 855 856 857 858 859 860 861 862 863 864 
ASSEMBLYINSTANCECOW2
72
493 494 495 496 497 498 499 500 501 502 503 504 505 506 507 508 509 510 511 512 513 514 515 516 517 518 519 520 521 522 523 524 525 526 527 528 529 530 531 532 533 534 535 536 537 538 539 540 541 542 543 544 545 546 547 548 549 550 551 552 553 554 555 556 557 558 559 560 561 562 563 564 
ASSEMBLYINSTANCECOW4
72
637 638 639 640 641 642 643 644 645 646 647 648 649 650 651 652 653 654 655 656 657 658 659 660 661 662 663 664 665 666 667 668 669 670 671 672 673 674 675 676 677 678 679 680 681 682 683 684 685 686 687 688 689 690 691 692 693 694 695 696 697 698 699 700 701 702 703 704 705 706 707 708 
ASSEMBLYINSTANCECON2
84
85 86 87 88 89 90 91 92 93 94 95 96 97 98 99 100 101 102 103 104 105 106 107 108 109 110 111 112 113 114 115 116 117 118 119 120 121 122 123 124 125 126 127 128 129 130 131 132 133 134 135 136 137 138 139 140 141 142 143 144 145 146 147 148 149 150 151 152 153 154 155 156 157 158 159 160 161 162 163 164 165 166 167 168 
ASSEMBLYINSTANCECON4
84
253 254 255 256 257 258 259 260 261 262 263 264 265 266 267 268 269 270 271 272 273 274 275 276 277 278 279 280 281 282 283 284 285 286 287 288 289 290 291 292 293 294 295 296 297 298 299 300 301 302 303 304 305 306 307 308 309 310 311 312 313 314 315 316 317 318 319 320 321 322 323 324 325 326 327 328 329 330 331 332 333 334 335 336 
ASSEMBLYINSTANCEINS2
84
865 866 867 868 869 870 871 872 873 874 875 876 877 878 879 880 881 882 883 884 885 886 887 888 889 890 891 892 893 894 895 896 897 898 899 900 901 902 903 904 905 906 907 908 909 910 911 912 913 914 915 916 917 918 919 920 921 922 923 924 925 926 927 928 929 930 931 932 933 934 935 936 937 938 939 940 941 942 943 944 945 946 947 948 
ASSEMBLYINSTANCEINS4
42
991 992 993 994 995 996 997 998 999 1000 1001 1002 1003 1004 1005 1006 1007 1008 1009 1010 1011 1012 1013 1014 1015 1016 1017 1018 1019 1020 1021 1022 1023 1024 1025 1026 1027 1028 1029 1030 1031 1032 
ASSEMBLYINSTANCE-CON1
84
1 2 3 4 5 6 7 8 9 10 11 12 13 14 15 16 17 18 19 20 21 22 23 24 25 26 27 28 29 30 31 32 33 34 35 36 37 38 39 40 41 42 43 44 45 46 47 48 49 50 51 52 53 54 55 56 57 58 59 60 61 62 63 64 65 66 67 68 69 70 71 72 73 74 75 76 77 78 79 80 81 82 83 84 
ASSEMBLYINSTANCECON5
84
337 338 339 340 341 342 343 344 345 346 347 348 349 350 351 352 353 354 355 356 357 358 359 360 361 362 363 364 365 366 367 368 369 370 371 372 373 374 375 376 377 378 379 380 381 382 383 384 385 386 387 388 389 390 391 392 393 394 395 396 397 398 399 400 401 402 403 404 405 406 407 408 409 410 411 412 413 414 415 416 417 418 419 420 
ASSEMBLYINSTANCECON3
84
169 170 171 172 173 174 175 176 177 178 179 180 181 182 183 184 185 186 187 188 189 190 191 192 193 194 195 196 197 198 199 200 201 202 203 204 205 206 207 208 209 210 211 212 213 214 215 216 217 218 219 220 221 222 223 224 225 226 227 228 229 230 231 232 233 234 235 236 237 238 239 240 241 242 243 244 245 246 247 248 249 250 251 252 
ASSEMBLYINSTANCEINS3
42
949 950 951 952 953 954 955 956 957 958 959 960 961 962 963 964 965 966 967 968 969 970 971 972 973 974 975 976 977 978 979 980 981 982 983 984 985 986 987 988 989 990 
ASSEMBLYINSTANCEINS5
42
1033 1034 1035 1036 1037 1038 1039 1040 1041 1042 1043 1044 1045 1046 1047 1048 1049 1050 1051 1052 1053 1054 1055 1056 1057 1058 1059 1060 1061 1062 1063 1064 1065 1066 1067 1068 1069 1070 1071 1072 1073 1074 
ASSEMBLYINSTANCECOW5
72
709 710 711 712 713 714 715 716 717 718 719 720 721 722 723 724 725 726 727 728 729 730 731 732 733 734 735 736 737 738 739 740 741 742 743 744 745 746 747 748 749 750 751 752 753 754 755 756 757 758 759 760 761 762 763 764 765 766 767 768 769 770 771 772 773 774 775 776 777 778 779 780 
ASSEMBLYINSTANCECOW3
72
565 566 567 568 569 570 571 572 573 574 575 576 577 578 579 580 581 582 583 584 585 586 587 588 589 590 591 592 593 594 595 596 597 598 599 600 601 602 603 604 605 606 607 608 609 610 611 612 613 614 615 616 617 618 619 620 621 622 623 624 625 626 627 628 629 630 631 632 633 634 635 636 
0
15
ASSEMBLYINSTANCE-CON1
6
 P       1
0
2
84
1 2 3 4 5 6 7 8 9 10 11 12 13 14 15 16 17 18 19 20 21 22 23 24 25 26 27 28 29 30 31 32 33 34 35 36 37 38 39 40 41 42 43 44 45 46 47 48 49 50 51 52 53 54 55 56 57 58 59 60 61 62 63 64 65 66 67 68 69 70 71 72 73 74 75 76 77 78 79 80 81 82 83 84 
0
0
 P       1 M000001
0
2
21
1 5 9 13 17 21 25 29 33 37 41 45 49 53 57 61 65 69 73 77 81 
0
0
 P       1 Z000001
0
2
21
4 8 12 16 20 24 28 32 36 40 44 48 52 56 60 64 68 72 76 80 84 
0
0
 P       1SET-BC
0
2
4
1 2 3 4 
0
0
 P       1SET-BODYFORCE
0
2
84
1 2 3 4 5 6 7 8 9 10 11 12 13 14 15 16 17 18 19 20 21 22 23 24 25 26 27 28 29 30 31 32 33 34 35 36 37 38 39 40 41 42 43 44 45 46 47 48 49 50 51 52 53 54 55 56 57 58 59 60 61 62 63 64 65 66 67 68 69 70 71 72 73 74 75 76 77 78 79 80 81 82 83 84 
0
0
_PICKEDSET2
0
2
84
1 2 3 4 5 6 7 8 9 10 11 12 13 14 15 16 17 18 19 20 21 22 23 24 25 26 27 28 29 30 31 32 33 34 35 36 37 38 39 40 41 42 43 44 45 46 47 48 49 50 51 52 53 54 55 56 57 58 59 60 61 62 63 64 65 66 67 68 69 70 71 72 73 74 75 76 77 78 79 80 81 82 83 84 
0
0
0
ASSEMBLYINSTANCECOW1
5
 P       6
0
2
72
421 422 423 424 425 426 427 428 429 430 431 432 433 434 435 436 437 438 439 440 441 442 443 444 445 446 447 448 449 450 451 452 453 454 455 456 457 458 459 460 461 462 463 464 465 466 467 468 469 470 471 472 473 474 475 476 477 478 479 480 481 482 483 484 485 486 487 488 489 490 491 492 
0
0
 P       6 M000001
0
2
36
421 424 425 428 429 432 433 436 437 440 441 444 445 448 449 452 453 456 457 460 461 464 465 468 469 472 473 476 477 480 481 484 485 488 489 492 
0
0
 P       6SET-BC
0
2
4
421 422 423 424 
0
0
 P       6SET-BODYFORCE
0
2
72
421 422 423 424 425 426 427 428 429 430 431 432 433 434 435 436 437 438 439 440 441 442 443 444 445 446 447 448 449 450 451 452 453 454 455 456 457 458 459 460 461 462 463 464 465 466 467 468 469 470 471 472 473 474 475 476 477 478 479 480 481 482 483 484 485 486 487 488 489 490 491 492 
0
0
_PICKEDSET2
0
2
72
421 422 423 424 425 426 427 428 429 430 431 432 433 434 435 436 437 438 439 440 441 442 443 444 445 446 447 448 449 450 451 452 453 454 455 456 457 458 459 460 461 462 463 464 465 466 467 468 469 470 471 472 473 474 475 476 477 478 479 480 481 482 483 484 485 486 487 488 489 490 491 492 
0
0
0
ASSEMBLYINSTANCECON2
6
 P       2
0
2
84
85 86 87 88 89 90 91 92 93 94 95 96 97 98 99 100 101 102 103 104 105 106 107 108 109 110 111 112 113 114 115 116 117 118 119 120 121 122 123 124 125 126 127 128 129 130 131 132 133 134 135 136 137 138 139 140 141 142 143 144 145 146 147 148 149 150 151 152 153 154 155 156 157 158 159 160 161 162 163 164 165 166 167 168 
0
0
 P       2 M000001
0
2
21
85 89 93 97 101 105 109 113 117 121 125 129 133 137 141 145 149 153 157 161 165 
0
0
 P       2 Z000001
0
2
21
88 92 96 100 104 108 112 116 120 124 128 132 136 140 144 148 152 156 160 164 168 
0
0
 P       2SET-BC
0
2
4
85 86 87 88 
0
0
 P       2SET-BODYFORCE
0
2
84
85 86 87 88 89 90 91 92 93 94 95 96 97 98 99 100 101 102 103 104 105 106 107 108 109 110 111 112 113 114 115 116 117 118 119 120 121 122 123 124 125 126 127 128 129 130 131 132 133 134 135 136 137 138 139 140 141 142 143 144 145 146 147 148 149 150 151 152 153 154 155 156 157 158 159 160 161 162 163 164 165 166 167 168 
0
0
_PICKEDSET2
0
2
84
85 86 87 88 89 90 91 92 93 94 95 96 97 98 99 100 101 102 103 104 105 106 107 108 109 110 111 112 113 114 115 116 117 118 119 120 121 122 123 124 125 126 127 128 129 130 131 132 133 134 135 136 137 138 139 140 141 142 143 144 145 146 147 148 149 150 151 152 153 154 155 156 157 158 159 160 161 162 163 164 165 166 167 168 
0
0
0
ASSEMBLYINSTANCECOW2
5
 P       7
0
2
72
493 494 495 496 497 498 499 500 501 502 503 504 505 506 507 508 509 510 511 512 513 514 515 516 517 518 519 520 521 522 523 524 525 526 527 528 529 530 531 532 533 534 535 536 537 538 539 540 541 542 543 544 545 546 547 548 549 550 551 552 553 554 555 556 557 558 559 560 561 562 563 564 
0
0
 P       7 M000001
0
2
36
493 496 497 500 501 504 505 508 509 512 513 516 517 520 521 524 525 528 529 532 533 536 537 540 541 544 545 548 549 552 553 556 557 560 561 564 
0
0
 P       7SET-BC
0
2
4
493 494 495 496 
0
0
 P       7SET-BODYFORCE
0
2
72
493 494 495 496 497 498 499 500 501 502 503 504 505 506 507 508 509 510 511 512 513 514 515 516 517 518 519 520 521 522 523 524 525 526 527 528 529 530 531 532 533 534 535 536 537 538 539 540 541 542 543 544 545 546 547 548 549 550 551 552 553 554 555 556 557 558 559 560 561 562 563 564 
0
0
_PICKEDSET2
0
2
72
493 494 495 496 497 498 499 500 501 502 503 504 505 506 507 508 509 510 511 512 513 514 515 516 517 518 519 520 521 522 523 524 525 526 527 528 529 530 531 532 533 534 535 536 537 538 539 540 541 542 543 544 545 546 547 548 549 550 551 552 553 554 555 556 557 558 559 560 561 562 563 564 
0
0
0
ASSEMBLYINSTANCECON4
6
 P       4
0
2
84
253 254 255 256 257 258 259 260 261 262 263 264 265 266 267 268 269 270 271 272 273 274 275 276 277 278 279 280 281 282 283 284 285 286 287 288 289 290 291 292 293 294 295 296 297 298 299 300 301 302 303 304 305 306 307 308 309 310 311 312 313 314 315 316 317 318 319 320 321 322 323 324 325 326 327 328 329 330 331 332 333 334 335 336 
0
0
 P       4 M000001
0
2
21
253 257 261 265 269 273 277 281 285 289 293 297 301 305 309 313 317 321 325 329 333 
0
0
 P       4 Z000001
0
2
21
256 260 264 268 272 276 280 284 288 292 296 300 304 308 312 316 320 324 328 332 336 
0
0
 P       4SET-BC
0
2
4
253 254 255 256 
0
0
 P       4SET-BODYFORCE
0
2
84
253 254 255 256 257 258 259 260 261 262 263 264 265 266 267 268 269 270 271 272 273 274 275 276 277 278 279 280 281 282 283 284 285 286 287 288 289 290 291 292 293 294 295 296 297 298 299 300 301 302 303 304 305 306 307 308 309 310 311 312 313 314 315 316 317 318 319 320 321 322 323 324 325 326 327 328 329 330 331 332 333 334 335 336 
0
0
_PICKEDSET2
0
2
84
253 254 255 256 257 258 259 260 261 262 263 264 265 266 267 268 269 270 271 272 273 274 275 276 277 278 279 280 281 282 283 284 285 286 287 288 289 290 291 292 293 294 295 296 297 298 299 300 301 302 303 304 305 306 307 308 309 310 311 312 313 314 315 316 317 318 319 320 321 322 323 324 325 326 327 328 329 330 331 332 333 334 335 336 
0
0
0
ASSEMBLYINSTANCEINS2
5
 P      12
0
2
84
865 866 867 868 869 870 871 872 873 874 875 876 877 878 879 880 881 882 883 884 885 886 887 888 889 890 891 892 893 894 895 896 897 898 899 900 901 902 903 904 905 906 907 908 909 910 911 912 913 914 915 916 917 918 919 920 921 922 923 924 925 926 927 928 929 930 931 932 933 934 935 936 937 938 939 940 941 942 943 944 945 946 947 948 
0
0
 P      12 Z000001
0
2
42
865 868 869 872 873 876 877 880 881 884 885 888 889 892 893 896 897 900 901 904 905 908 909 912 913 916 917 920 921 924 925 928 929 932 933 936 937 940 941 944 945 948 
0
0
 P      12SET-BC
0
2
4
865 866 867 868 
0
0
 P      12SET-BODYFORCE
0
2
84
865 866 867 868 869 870 871 872 873 874 875 876 877 878 879 880 881 882 883 884 885 886 887 888 889 890 891 892 893 894 895 896 897 898 899 900 901 902 903 904 905 906 907 908 909 910 911 912 913 914 915 916 917 918 919 920 921 922 923 924 925 926 927 928 929 930 931 932 933 934 935 936 937 938 939 940 941 942 943 944 945 946 947 948 
0
0
_PICKEDSET2
0
2
84
865 866 867 868 869 870 871 872 873 874 875 876 877 878 879 880 881 882 883 884 885 886 887 888 889 890 891 892 893 894 895 896 897 898 899 900 901 902 903 904 905 906 907 908 909 910 911 912 913 914 915 916 917 918 919 920 921 922 923 924 925 926 927 928 929 930 931 932 933 934 935 936 937 938 939 940 941 942 943 944 945 946 947 948 
0
0
0
ASSEMBLYINSTANCECOW4
5
 P       9
0
2
72
637 638 639 640 641 642 643 644 645 646 647 648 649 650 651 652 653 654 655 656 657 658 659 660 661 662 663 664 665 666 667 668 669 670 671 672 673 674 675 676 677 678 679 680 681 682 683 684 685 686 687 688 689 690 691 692 693 694 695 696 697 698 699 700 701 702 703 704 705 706 707 708 
0
0
 P       9 M000001
0
2
36
637 640 641 644 645 648 649 652 653 656 657 660 661 664 665 668 669 672 673 676 677 680 681 684 685 688 689 692 693 696 697 700 701 704 705 708 
0
0
 P       9SET-BC
0
2
4
637 638 639 640 
0
0
 P       9SET-BODYFORCE
0
2
72
637 638 639 640 641 642 643 644 645 646 647 648 649 650 651 652 653 654 655 656 657 658 659 660 661 662 663 664 665 666 667 668 669 670 671 672 673 674 675 676 677 678 679 680 681 682 683 684 685 686 687 688 689 690 691 692 693 694 695 696 697 698 699 700 701 702 703 704 705 706 707 708 
0
0
_PICKEDSET2
0
2
72
637 638 639 640 641 642 643 644 645 646 647 648 649 650 651 652 653 654 655 656 657 658 659 660 661 662 663 664 665 666 667 668 669 670 671 672 673 674 675 676 677 678 679 680 681 682 683 684 685 686 687 688 689 690 691 692 693 694 695 696 697 698 699 700 701 702 703 704 705 706 707 708 
0
0
0
ASSEMBLYINSTANCEINS4
5
 P      14
0
2
42
991 992 993 994 995 996 997 998 999 1000 1001 1002 1003 1004 1005 1006 1007 1008 1009 1010 1011 1012 1013 1014 1015 1016 1017 1018 1019 1020 1021 1022 1023 1024 1025 1026 1027 1028 1029 1030 1031 1032 
0
0
 P      14 Z000001
0
2
42
991 992 993 994 995 996 997 998 999 1000 1001 1002 1003 1004 1005 1006 1007 1008 1009 1010 1011 1012 1013 1014 1015 1016 1017 1018 1019 1020 1021 1022 1023 1024 1025 1026 1027 1028 1029 1030 1031 1032 
0
0
 P      14SET-BC
0
2
2
991 992 
0
0
 P      14SET-BODYFORCE
0
2
42
991 992 993 994 995 996 997 998 999 1000 1001 1002 1003 1004 1005 1006 1007 1008 1009 1010 1011 1012 1013 1014 1015 1016 1017 1018 1019 1020 1021 1022 1023 1024 1025 1026 1027 1028 1029 1030 1031 1032 
0
0
_PICKEDSET2
0
2
42
991 992 993 994 995 996 997 998 999 1000 1001 1002 1003 1004 1005 1006 1007 1008 1009 1010 1011 1012 1013 1014 1015 1016 1017 1018 1019 1020 1021 1022 1023 1024 1025 1026 1027 1028 1029 1030 1031 1032 
0
0
0
ASSEMBLYINSTANCEINS1
5
 P      11
0
2
84
781 782 783 784 785 786 787 788 789 790 791 792 793 794 795 796 797 798 799 800 801 802 803 804 805 806 807 808 809 810 811 812 813 814 815 816 817 818 819 820 821 822 823 824 825 826 827 828 829 830 831 832 833 834 835 836 837 838 839 840 841 842 843 844 845 846 847 848 849 850 851 852 853 854 855 856 857 858 859 860 861 862 863 864 
0
0
 P      11 Z000001
0
2
42
781 784 785 788 789 792 793 796 797 800 801 804 805 808 809 812 813 816 817 820 821 824 825 828 829 832 833 836 837 840 841 844 845 848 849 852 853 856 857 860 861 864 
0
0
 P      11SET-BC
0
2
4
781 782 783 784 
0
0
 P      11SET-BODYFORCE
0
2
84
781 782 783 784 785 786 787 788 789 790 791 792 793 794 795 796 797 798 799 800 801 802 803 804 805 806 807 808 809 810 811 812 813 814 815 816 817 818 819 820 821 822 823 824 825 826 827 828 829 830 831 832 833 834 835 836 837 838 839 840 841 842 843 844 845 846 847 848 849 850 851 852 853 854 855 856 857 858 859 860 861 862 863 864 
0
0
_PICKEDSET2
0
2
84
781 782 783 784 785 786 787 788 789 790 791 792 793 794 795 796 797 798 799 800 801 802 803 804 805 806 807 808 809 810 811 812 813 814 815 816 817 818 819 820 821 822 823 824 825 826 827 828 829 830 831 832 833 834 835 836 837 838 839 840 841 842 843 844 845 846 847 848 849 850 851 852 853 854 855 856 857 858 859 860 861 862 863 864 
0
0
0
ASSEMBLYINSTANCECON3
6
 P       3
0
2
84
169 170 171 172 173 174 175 176 177 178 179 180 181 182 183 184 185 186 187 188 189 190 191 192 193 194 195 196 197 198 199 200 201 202 203 204 205 206 207 208 209 210 211 212 213 214 215 216 217 218 219 220 221 222 223 224 225 226 227 228 229 230 231 232 233 234 235 236 237 238 239 240 241 242 243 244 245 246 247 248 249 250 251 252 
0
0
 P       3 M000001
0
2
21
169 173 177 181 185 189 193 197 201 205 209 213 217 221 225 229 233 237 241 245 249 
0
0
 P       3 Z000001
0
2
21
172 176 180 184 188 192 196 200 204 208 212 216 220 224 228 232 236 240 244 248 252 
0
0
 P       3SET-BC
0
2
4
169 170 171 172 
0
0
 P       3SET-BODYFORCE
0
2
84
169 170 171 172 173 174 175 176 177 178 179 180 181 182 183 184 185 186 187 188 189 190 191 192 193 194 195 196 197 198 199 200 201 202 203 204 205 206 207 208 209 210 211 212 213 214 215 216 217 218 219 220 221 222 223 224 225 226 227 228 229 230 231 232 233 234 235 236 237 238 239 240 241 242 243 244 245 246 247 248 249 250 251 252 
0
0
_PICKEDSET2
0
2
84
169 170 171 172 173 174 175 176 177 178 179 180 181 182 183 184 185 186 187 188 189 190 191 192 193 194 195 196 197 198 199 200 201 202 203 204 205 206 207 208 209 210 211 212 213 214 215 216 217 218 219 220 221 222 223 224 225 226 227 228 229 230 231 232 233 234 235 236 237 238 239 240 241 242 243 244 245 246 247 248 249 250 251 252 
0
0
0
ASSEMBLYINSTANCECON5
6
 P       5
0
2
84
337 338 339 340 341 342 343 344 345 346 347 348 349 350 351 352 353 354 355 356 357 358 359 360 361 362 363 364 365 366 367 368 369 370 371 372 373 374 375 376 377 378 379 380 381 382 383 384 385 386 387 388 389 390 391 392 393 394 395 396 397 398 399 400 401 402 403 404 405 406 407 408 409 410 411 412 413 414 415 416 417 418 419 420 
0
0
 P       5 M000001
0
2
21
337 341 345 349 353 357 361 365 369 373 377 381 385 389 393 397 401 405 409 413 417 
0
0
 P       5 Z000001
0
2
21
340 344 348 352 356 360 364 368 372 376 380 384 388 392 396 400 404 408 412 416 420 
0
0
 P       5SET-BC
0
2
4
337 338 339 340 
0
0
 P       5SET-BODYFORCE
0
2
84
337 338 339 340 341 342 343 344 345 346 347 348 349 350 351 352 353 354 355 356 357 358 359 360 361 362 363 364 365 366 367 368 369 370 371 372 373 374 375 376 377 378 379 380 381 382 383 384 385 386 387 388 389 390 391 392 393 394 395 396 397 398 399 400 401 402 403 404 405 406 407 408 409 410 411 412 413 414 415 416 417 418 419 420 
0
0
_PICKEDSET2
0
2
84
337 338 339 340 341 342 343 344 345 346 347 348 349 350 351 352 353 354 355 356 357 358 359 360 361 362 363 364 365 366 367 368 369 370 371 372 373 374 375 376 377 378 379 380 381 382 383 384 385 386 387 388 389 390 391 392 393 394 395 396 397 398 399 400 401 402 403 404 405 406 407 408 409 410 411 412 413 414 415 416 417 418 419 420 
0
0
0
ASSEMBLYINSTANCECOW3
5
 P       8
0
2
72
565 566 567 568 569 570 571 572 573 574 575 576 577 578 579 580 581 582 583 584 585 586 587 588 589 590 591 592 593 594 595 596 597 598 599 600 601 602 603 604 605 606 607 608 609 610 611 612 613 614 615 616 617 618 619 620 621 622 623 624 625 626 627 628 629 630 631 632 633 634 635 636 
0
0
 P       8 M000001
0
2
36
565 568 569 572 573 576 577 580 581 584 585 588 589 592 593 596 597 600 601 604 605 608 609 612 613 616 617 620 621 624 625 628 629 632 633 636 
0
0
 P       8SET-BC
0
2
4
565 566 567 568 
0
0
 P       8SET-BODYFORCE
0
2
72
565 566 567 568 569 570 571 572 573 574 575 576 577 578 579 580 581 582 583 584 585 586 587 588 589 590 591 592 593 594 595 596 597 598 599 600 601 602 603 604 605 606 607 608 609 610 611 612 613 614 615 616 617 618 619 620 621 622 623 624 625 626 627 628 629 630 631 632 633 634 635 636 
0
0
_PICKEDSET2
0
2
72
565 566 567 568 569 570 571 572 573 574 575 576 577 578 579 580 581 582 583 584 585 586 587 588 589 590 591 592 593 594 595 596 597 598 599 600 601 602 603 604 605 606 607 608 609 610 611 612 613 614 615 616 617 618 619 620 621 622 623 624 625 626 627 628 629 630 631 632 633 634 635 636 
0
0
0
ASSEMBLYINSTANCEINS3
5
 P      13
0
2
42
949 950 951 952 953 954 955 956 957 958 959 960 961 962 963 964 965 966 967 968 969 970 971 972 973 974 975 976 977 978 979 980 981 982 983 984 985 986 987 988 989 990 
0
0
 P      13 Z000001
0
2
42
949 950 951 952 953 954 955 956 957 958 959 960 961 962 963 964 965 966 967 968 969 970 971 972 973 974 975 976 977 978 979 980 981 982 983 984 985 986 987 988 989 990 
0
0
 P      13SET-BC
0
2
2
949 950 
0
0
 P      13SET-BODYFORCE
0
2
42
949 950 951 952 953 954 955 956 957 958 959 960 961 962 963 964 965 966 967 968 969 970 971 972 973 974 975 976 977 978 979 980 981 982 983 984 985 986 987 988 989 990 
0
0
_PICKEDSET2
0
2
42
949 950 951 952 953 954 955 956 957 958 959 960 961 962 963 964 965 966 967 968 969 970 971 972 973 974 975 976 977 978 979 980 981 982 983 984 985 986 987 988 989 990 
0
0
0
ASSEMBLYINSTANCEINS5
5
 P      15
0
2
42
1033 1034 1035 1036 1037 1038 1039 1040 1041 1042 1043 1044 1045 1046 1047 1048 1049 1050 1051 1052 1053 1054 1055 1056 1057 1058 1059 1060 1061 1062 1063 1064 1065 1066 1067 1068 1069 1070 1071 1072 1073 1074 
0
0
 P      15 Z000001
0
2
42
1033 1034 1035 1036 1037 1038 1039 1040 1041 1042 1043 1044 1045 1046 1047 1048 1049 1050 1051 1052 1053 1054 1055 1056 1057 1058 1059 1060 1061 1062 1063 1064 1065 1066 1067 1068 1069 1070 1071 1072 1073 1074 
0
0
 P      15SET-BC
0
2
2
1033 1034 
0
0
 P      15SET-BODYFORCE
0
2
42
1033 1034 1035 1036 1037 1038 1039 1040 1041 1042 1043 1044 1045 1046 1047 1048 1049 1050 1051 1052 1053 1054 1055 1056 1057 1058 1059 1060 1061 1062 1063 1064 1065 1066 1067 1068 1069 1070 1071 1072 1073 1074 
0
0
_PICKEDSET2
0
2
42
1033 1034 1035 1036 1037 1038 1039 1040 1041 1042 1043 1044 1045 1046 1047 1048 1049 1050 1051 1052 1053 1054 1055 1056 1057 1058 1059 1060 1061 1062 1063 1064 1065 1066 1067 1068 1069 1070 1071 1072 1073 1074 
0
0
0
ASSEMBLYINSTANCECOW5
5
 P      10
0
2
72
709 710 711 712 713 714 715 716 717 718 719 720 721 722 723 724 725 726 727 728 729 730 731 732 733 734 735 736 737 738 739 740 741 742 743 744 745 746 747 748 749 750 751 752 753 754 755 756 757 758 759 760 761 762 763 764 765 766 767 768 769 770 771 772 773 774 775 776 777 778 779 780 
0
0
 P      10 M000001
0
2
36
709 712 713 716 717 720 721 724 725 728 729 732 733 736 737 740 741 744 745 748 749 752 753 756 757 760 761 764 765 768 769 772 773 776 777 780 
0
0
 P      10SET-BC
0
2
4
709 710 711 712 
0
0
 P      10SET-BODYFORCE
0
2
72
709 710 711 712 713 714 715 716 717 718 719 720 721 722 723 724 725 726 727 728 729 730 731 732 733 734 735 736 737 738 739 740 741 742 743 744 745 746 747 748 749 750 751 752 753 754 755 756 757 758 759 760 761 762 763 764 765 766 767 768 769 770 771 772 773 774 775 776 777 778 779 780 
0
0
_PICKEDSET2
0
2
72
709 710 711 712 713 714 715 716 717 718 719 720 721 722 723 724 725 726 727 728 729 730 731 732 733 734 735 736 737 738 739 740 741 742 743 744 745 746 747 748 749 750 751 752 753 754 755 756 757 758 759 760 761 762 763 764 765 766 767 768 769 770 771 772 773 774 775 776 777 778 779 780 
0
0
0
0
2
M_SURF-MASTER
0
0
0
10
ASSEMBLYINSTANCE-CON1
0
0
1
S4
20
1 4 7 10 13 16 19 22 25 28 31 34 37 40 43 46 49 52 55 58 
ASSEMBLYINSTANCECON2
0
0
1
S4
20
61 64 67 70 73 76 79 82 85 88 91 94 97 100 103 106 109 112 115 118 
ASSEMBLYINSTANCECON3
0
0
1
S4
20
121 124 127 130 133 136 139 142 145 148 151 154 157 160 163 166 169 172 175 178 
ASSEMBLYINSTANCECON4
0
0
1
S4
20
181 184 187 190 193 196 199 202 205 208 211 214 217 220 223 226 229 232 235 238 
ASSEMBLYINSTANCECON5
0
0
1
S4
20
241 244 247 250 253 256 259 262 265 268 271 274 277 280 283 286 289 292 295 298 
ASSEMBLYINSTANCECOW1
0
0
2
S4
17
301 304 307 310 313 316 319 322 325 328 331 334 337 340 343 346 349 
S2
17
303 306 309 312 315 318 321 324 327 330 333 336 339 342 345 348 351 
ASSEMBLYINSTANCECOW2
0
0
2
S4
17
352 355 358 361 364 367 370 373 376 379 382 385 388 391 394 397 400 
S2
17
354 357 360 363 366 369 372 375 378 381 384 387 390 393 396 399 402 
ASSEMBLYINSTANCECOW3
0
0
2
S4
17
403 406 409 412 415 418 421 424 427 430 433 436 439 442 445 448 451 
S2
17
405 408 411 414 417 420 423 426 429 432 435 438 441 444 447 450 453 
ASSEMBLYINSTANCECOW4
0
0
2
S4
17
454 457 460 463 466 469 472 475 478 481 484 487 490 493 496 499 502 
S2
17
456 459 462 465 468 471 474 477 480 483 486 489 492 495 498 501 504 
ASSEMBLYINSTANCECOW5
0
0
2
S4
17
505 508 511 514 517 520 523 526 529 532 535 538 541 544 547 550 553 
S2
17
507 510 513 516 519 522 525 528 531 534 537 540 543 546 549 552 555 
M_SURF-SLAVE
0
0
0
10
ASSEMBLYINSTANCE-CON1
0
0
1
S2
20
3 6 9 12 15 18 21 24 27 30 33 36 39 42 45 48 51 54 57 60 
ASSEMBLYINSTANCECON2
0
0
1
S2
20
63 66 69 72 75 78 81 84 87 90 93 96 99 102 105 108 111 114 117 120 
ASSEMBLYINSTANCECON3
0
0
1
S2
20
123 126 129 132 135 138 141 144 147 150 153 156 159 162 165 168 171 174 177 180 
ASSEMBLYINSTANCECON4
0
0
1
S2
20
183 186 189 192 195 198 201 204 207 210 213 216 219 222 225 228 231 234 237 240 
ASSEMBLYINSTANCECON5
0
0
1
S2
20
243 246 249 252 255 258 261 264 267 270 273 276 279 282 285 288 291 294 297 300 
ASSEMBLYINSTANCEINS1
0
0
2
S2
20
558 561 564 567 570 573 576 579 582 585 588 591 594 597 600 603 606 609 612 615 
S4
20
556 559 562 565 568 571 574 577 580 583 586 589 592 595 598 601 604 607 610 613 
ASSEMBLYINSTANCEINS2
0
0
2
S2
20
618 621 624 627 630 633 636 639 642 645 648 651 654 657 660 663 666 669 672 675 
S4
20
616 619 622 625 628 631 634 637 640 643 646 649 652 655 658 661 664 667 670 673 
ASSEMBLYINSTANCEINS3
0
0
2
S2
20
676 677 678 679 680 681 682 683 684 685 686 687 688 689 690 691 692 693 694 695 
S4
20
676 677 678 679 680 681 682 683 684 685 686 687 688 689 690 691 692 693 694 695 
ASSEMBLYINSTANCEINS4
0
0
2
S2
20
696 697 698 699 700 701 702 703 704 705 706 707 708 709 710 711 712 713 714 715 
S4
20
696 697 698 699 700 701 702 703 704 705 706 707 708 709 710 711 712 713 714 715 
ASSEMBLYINSTANCEINS5
0
0
2
S2
20
716 717 718 719 720 721 722 723 724 725 726 727 728 729 730 731 732 733 734 735 
S4
20
716 717 718 719 720 721 722 723 724 725 726 727 728 729 730 731 732 733 734 735 
